2019/12/06-09:29:06 INFO  [main] com.jsh.erp.ErpApplication - Starting ErpApplication on USER-20161225HU with PID 35152 (started by Administrator in D:\zwy\项目\JSH_ERP)
2019/12/06-09:29:06 DEBUG [main] com.jsh.erp.ErpApplication - Running with Spring Boot v2.0.0.RELEASE, Spring v5.0.4.RELEASE
2019/12/06-09:29:06 INFO  [main] com.jsh.erp.ErpApplication - No active profile set, falling back to default profiles: default
2019/12/06-09:29:16 INFO  [main] com.jsh.erp.ErpApplication - Started ErpApplication in 9.96 seconds (JVM running for 11.49)
2019/12/06-09:31:45 INFO  [http-nio-8080-exec-8] com.jsh.erp.controller.UserController - ============用户登录 login 方法调用开始==============
2019/12/06-09:31:45 DEBUG [http-nio-8080-exec-8] com.jsh.erp.datasource.mappers.UserMapper.selectByExample - ==>  Preparing: SELECT id, username, loginame, password, position, department, email, phonenum, ismanager, isystem, Status, description, remark, tenant_id FROM jsh_user WHERE (loginame = ?) 
2019/12/06-09:31:45 DEBUG [http-nio-8080-exec-8] com.jsh.erp.datasource.mappers.UserMapper.selectByExample - ==> Parameters: admin(String)
2019/12/06-09:31:46 DEBUG [http-nio-8080-exec-8] com.jsh.erp.datasource.mappers.UserMapper.selectByExample - <==      Total: 1
2019/12/06-09:31:46 DEBUG [http-nio-8080-exec-8] com.jsh.erp.datasource.mappers.UserMapper.selectByExample - ==>  Preparing: SELECT id, username, loginame, password, position, department, email, phonenum, ismanager, isystem, Status, description, remark, tenant_id FROM jsh_user WHERE (loginame = ? AND password = ?) 
2019/12/06-09:31:46 DEBUG [http-nio-8080-exec-8] com.jsh.erp.datasource.mappers.UserMapper.selectByExample - ==> Parameters: admin(String), e10adc3949ba59abbe56e057f20f883e(String)
2019/12/06-09:31:46 DEBUG [http-nio-8080-exec-8] com.jsh.erp.datasource.mappers.UserMapper.selectByExample - <==      Total: 1
2019/12/06-09:31:46 DEBUG [http-nio-8080-exec-8] com.jsh.erp.datasource.mappers.UserMapper.selectByExample - ==>  Preparing: SELECT id, username, loginame, password, position, department, email, phonenum, ismanager, isystem, Status, description, remark, tenant_id FROM jsh_user WHERE (loginame = ?) 
2019/12/06-09:31:46 DEBUG [http-nio-8080-exec-8] com.jsh.erp.datasource.mappers.UserMapper.selectByExample - ==> Parameters: admin(String)
2019/12/06-09:31:46 DEBUG [http-nio-8080-exec-8] com.jsh.erp.datasource.mappers.UserMapper.selectByExample - <==      Total: 1
2019/12/06-09:31:46 DEBUG [http-nio-8080-exec-8] com.jsh.erp.datasource.mappers.LogMapper.insertSelective - ==>  Preparing: INSERT INTO jsh_log (userID, operation, clientIP, createtime, status, contentdetails) VALUES (?, ?, ?, ?, ?, ?) 
2019/12/06-09:31:46 DEBUG [http-nio-8080-exec-8] com.jsh.erp.datasource.mappers.LogMapper.insertSelective - ==> Parameters: 120(Long), 用户(String), 0:0:0:0:0:0:0:1(String), 2019-12-06 09:31:46.111(Timestamp), 0(Byte), 登录,id:120用户(String)
2019/12/06-09:31:46 DEBUG [http-nio-8080-exec-8] com.jsh.erp.datasource.mappers.LogMapper.insertSelective - <==    Updates: 1
2019/12/06-09:31:46 INFO  [http-nio-8080-exec-8] com.jsh.erp.controller.UserController - ===============用户登录 login 方法调用结束===============
2019/12/06-09:31:46 DEBUG [http-nio-8080-exec-1] com.jsh.erp.datasource.mappers.UserBusinessMapper.selectByExample - ==>  Preparing: SELECT Id, Type, KeyId, Value, BtnStr, delete_Flag FROM jsh_userbusiness WHERE (KeyId = ? AND Type = ? AND delete_Flag <> ?) 
2019/12/06-09:31:46 DEBUG [http-nio-8080-exec-1] com.jsh.erp.datasource.mappers.UserBusinessMapper.selectByExample - ==> Parameters: 120(String), UserRole(String), 1(String)
2019/12/06-09:31:46 DEBUG [http-nio-8080-exec-1] com.jsh.erp.datasource.mappers.UserBusinessMapper.selectByExample - <==      Total: 1
2019/12/06-09:31:46 DEBUG [http-nio-8080-exec-3] com.jsh.erp.datasource.mappers.UserBusinessMapper.selectByExample - ==>  Preparing: SELECT Id, Type, KeyId, Value, BtnStr, delete_Flag FROM jsh_userbusiness WHERE (KeyId = ? AND Type = ? AND delete_Flag <> ?) 
2019/12/06-09:31:46 DEBUG [http-nio-8080-exec-3] com.jsh.erp.datasource.mappers.UserBusinessMapper.selectByExample - ==> Parameters: 4(String), RoleFunctions(String), 1(String)
2019/12/06-09:31:46 DEBUG [http-nio-8080-exec-3] com.jsh.erp.datasource.mappers.UserBusinessMapper.selectByExample - <==      Total: 1
2019/12/06-09:31:46 DEBUG [http-nio-8080-exec-10] com.jsh.erp.datasource.mappers.FunctionsMapper.selectByExample - ==>  Preparing: SELECT Id, Number, Name, PNumber, URL, State, Sort, Enabled, Type, PushBtn, icon, delete_Flag FROM jsh_functions WHERE (Enabled = ? AND PNumber = ? AND delete_Flag <> ?) ORDER BY Sort 
2019/12/06-09:31:46 DEBUG [http-nio-8080-exec-10] com.jsh.erp.datasource.mappers.FunctionsMapper.selectByExample - ==> Parameters: true(Boolean), 0(String), 1(String)
2019/12/06-09:31:46 DEBUG [http-nio-8080-exec-10] com.jsh.erp.datasource.mappers.FunctionsMapper.selectByExample - <==      Total: 9
2019/12/06-09:31:46 DEBUG [http-nio-8080-exec-10] com.jsh.erp.datasource.mappers.FunctionsMapper.selectByExample - ==>  Preparing: SELECT Id, Number, Name, PNumber, URL, State, Sort, Enabled, Type, PushBtn, icon, delete_Flag FROM jsh_functions WHERE (Enabled = ? AND PNumber = ? AND delete_Flag <> ?) ORDER BY Sort 
2019/12/06-09:31:46 DEBUG [http-nio-8080-exec-10] com.jsh.erp.datasource.mappers.FunctionsMapper.selectByExample - ==> Parameters: true(Boolean), 0401(String), 1(String)
2019/12/06-09:31:46 DEBUG [http-nio-8080-exec-10] com.jsh.erp.datasource.mappers.FunctionsMapper.selectByExample - <==      Total: 2
2019/12/06-09:31:46 DEBUG [http-nio-8080-exec-10] com.jsh.erp.datasource.mappers.FunctionsMapper.selectByExample - ==>  Preparing: SELECT Id, Number, Name, PNumber, URL, State, Sort, Enabled, Type, PushBtn, icon, delete_Flag FROM jsh_functions WHERE (Enabled = ? AND PNumber = ? AND delete_Flag <> ?) ORDER BY Sort 
2019/12/06-09:31:46 DEBUG [http-nio-8080-exec-10] com.jsh.erp.datasource.mappers.FunctionsMapper.selectByExample - ==> Parameters: true(Boolean), 040102(String), 1(String)
2019/12/06-09:31:46 DEBUG [http-nio-8080-exec-10] com.jsh.erp.datasource.mappers.FunctionsMapper.selectByExample - <==      Total: 0
2019/12/06-09:31:46 DEBUG [http-nio-8080-exec-10] com.jsh.erp.datasource.mappers.FunctionsMapper.selectByExample - ==>  Preparing: SELECT Id, Number, Name, PNumber, URL, State, Sort, Enabled, Type, PushBtn, icon, delete_Flag FROM jsh_functions WHERE (Enabled = ? AND PNumber = ? AND delete_Flag <> ?) ORDER BY Sort 
2019/12/06-09:31:47 DEBUG [http-nio-8080-exec-10] com.jsh.erp.datasource.mappers.FunctionsMapper.selectByExample - ==> Parameters: true(Boolean), 040104(String), 1(String)
2019/12/06-09:31:47 DEBUG [http-nio-8080-exec-10] com.jsh.erp.datasource.mappers.FunctionsMapper.selectByExample - <==      Total: 0
2019/12/06-09:31:47 DEBUG [http-nio-8080-exec-10] com.jsh.erp.datasource.mappers.FunctionsMapper.selectByExample - ==>  Preparing: SELECT Id, Number, Name, PNumber, URL, State, Sort, Enabled, Type, PushBtn, icon, delete_Flag FROM jsh_functions WHERE (Enabled = ? AND PNumber = ? AND delete_Flag <> ?) ORDER BY Sort 
2019/12/06-09:31:47 DEBUG [http-nio-8080-exec-10] com.jsh.erp.datasource.mappers.FunctionsMapper.selectByExample - ==> Parameters: true(Boolean), 0502(String), 1(String)
2019/12/06-09:31:47 DEBUG [http-nio-8080-exec-10] com.jsh.erp.datasource.mappers.FunctionsMapper.selectByExample - <==      Total: 3
2019/12/06-09:31:47 DEBUG [http-nio-8080-exec-10] com.jsh.erp.datasource.mappers.FunctionsMapper.selectByExample - ==>  Preparing: SELECT Id, Number, Name, PNumber, URL, State, Sort, Enabled, Type, PushBtn, icon, delete_Flag FROM jsh_functions WHERE (Enabled = ? AND PNumber = ? AND delete_Flag <> ?) ORDER BY Sort 
2019/12/06-09:31:47 DEBUG [http-nio-8080-exec-10] com.jsh.erp.datasource.mappers.FunctionsMapper.selectByExample - ==> Parameters: true(Boolean), 050202(String), 1(String)
2019/12/06-09:31:47 DEBUG [http-nio-8080-exec-10] com.jsh.erp.datasource.mappers.FunctionsMapper.selectByExample - <==      Total: 0
2019/12/06-09:31:47 DEBUG [http-nio-8080-exec-10] com.jsh.erp.datasource.mappers.FunctionsMapper.selectByExample - ==>  Preparing: SELECT Id, Number, Name, PNumber, URL, State, Sort, Enabled, Type, PushBtn, icon, delete_Flag FROM jsh_functions WHERE (Enabled = ? AND PNumber = ? AND delete_Flag <> ?) ORDER BY Sort 
2019/12/06-09:31:47 DEBUG [http-nio-8080-exec-10] com.jsh.erp.datasource.mappers.FunctionsMapper.selectByExample - ==> Parameters: true(Boolean), 050201(String), 1(String)
2019/12/06-09:31:47 DEBUG [http-nio-8080-exec-10] com.jsh.erp.datasource.mappers.FunctionsMapper.selectByExample - <==      Total: 0
2019/12/06-09:31:47 DEBUG [http-nio-8080-exec-10] com.jsh.erp.datasource.mappers.FunctionsMapper.selectByExample - ==>  Preparing: SELECT Id, Number, Name, PNumber, URL, State, Sort, Enabled, Type, PushBtn, icon, delete_Flag FROM jsh_functions WHERE (Enabled = ? AND PNumber = ? AND delete_Flag <> ?) ORDER BY Sort 
2019/12/06-09:31:47 DEBUG [http-nio-8080-exec-10] com.jsh.erp.datasource.mappers.FunctionsMapper.selectByExample - ==> Parameters: true(Boolean), 050204(String), 1(String)
2019/12/06-09:31:47 DEBUG [http-nio-8080-exec-10] com.jsh.erp.datasource.mappers.FunctionsMapper.selectByExample - <==      Total: 0
2019/12/06-09:31:47 DEBUG [http-nio-8080-exec-10] com.jsh.erp.datasource.mappers.FunctionsMapper.selectByExample - ==>  Preparing: SELECT Id, Number, Name, PNumber, URL, State, Sort, Enabled, Type, PushBtn, icon, delete_Flag FROM jsh_functions WHERE (Enabled = ? AND PNumber = ? AND delete_Flag <> ?) ORDER BY Sort 
2019/12/06-09:31:47 DEBUG [http-nio-8080-exec-10] com.jsh.erp.datasource.mappers.FunctionsMapper.selectByExample - ==> Parameters: true(Boolean), 0603(String), 1(String)
2019/12/06-09:31:47 DEBUG [http-nio-8080-exec-10] com.jsh.erp.datasource.mappers.FunctionsMapper.selectByExample - <==      Total: 3
2019/12/06-09:31:47 DEBUG [http-nio-8080-exec-10] com.jsh.erp.datasource.mappers.FunctionsMapper.selectByExample - ==>  Preparing: SELECT Id, Number, Name, PNumber, URL, State, Sort, Enabled, Type, PushBtn, icon, delete_Flag FROM jsh_functions WHERE (Enabled = ? AND PNumber = ? AND delete_Flag <> ?) ORDER BY Sort 
2019/12/06-09:31:47 DEBUG [http-nio-8080-exec-10] com.jsh.erp.datasource.mappers.FunctionsMapper.selectByExample - ==> Parameters: true(Boolean), 060301(String), 1(String)
2019/12/06-09:31:47 DEBUG [http-nio-8080-exec-10] com.jsh.erp.datasource.mappers.FunctionsMapper.selectByExample - <==      Total: 0
2019/12/06-09:31:47 DEBUG [http-nio-8080-exec-10] com.jsh.erp.datasource.mappers.FunctionsMapper.selectByExample - ==>  Preparing: SELECT Id, Number, Name, PNumber, URL, State, Sort, Enabled, Type, PushBtn, icon, delete_Flag FROM jsh_functions WHERE (Enabled = ? AND PNumber = ? AND delete_Flag <> ?) ORDER BY Sort 
2019/12/06-09:31:47 DEBUG [http-nio-8080-exec-10] com.jsh.erp.datasource.mappers.FunctionsMapper.selectByExample - ==> Parameters: true(Boolean), 060303(String), 1(String)
2019/12/06-09:31:47 DEBUG [http-nio-8080-exec-10] com.jsh.erp.datasource.mappers.FunctionsMapper.selectByExample - <==      Total: 0
2019/12/06-09:31:47 DEBUG [http-nio-8080-exec-10] com.jsh.erp.datasource.mappers.FunctionsMapper.selectByExample - ==>  Preparing: SELECT Id, Number, Name, PNumber, URL, State, Sort, Enabled, Type, PushBtn, icon, delete_Flag FROM jsh_functions WHERE (Enabled = ? AND PNumber = ? AND delete_Flag <> ?) ORDER BY Sort 
2019/12/06-09:31:47 DEBUG [http-nio-8080-exec-10] com.jsh.erp.datasource.mappers.FunctionsMapper.selectByExample - ==> Parameters: true(Boolean), 060305(String), 1(String)
2019/12/06-09:31:47 DEBUG [http-nio-8080-exec-10] com.jsh.erp.datasource.mappers.FunctionsMapper.selectByExample - <==      Total: 0
2019/12/06-09:31:47 DEBUG [http-nio-8080-exec-10] com.jsh.erp.datasource.mappers.FunctionsMapper.selectByExample - ==>  Preparing: SELECT Id, Number, Name, PNumber, URL, State, Sort, Enabled, Type, PushBtn, icon, delete_Flag FROM jsh_functions WHERE (Enabled = ? AND PNumber = ? AND delete_Flag <> ?) ORDER BY Sort 
2019/12/06-09:31:47 DEBUG [http-nio-8080-exec-10] com.jsh.erp.datasource.mappers.FunctionsMapper.selectByExample - ==> Parameters: true(Boolean), 0801(String), 1(String)
2019/12/06-09:31:47 DEBUG [http-nio-8080-exec-10] com.jsh.erp.datasource.mappers.FunctionsMapper.selectByExample - <==      Total: 5
2019/12/06-09:31:47 DEBUG [http-nio-8080-exec-10] com.jsh.erp.datasource.mappers.FunctionsMapper.selectByExample - ==>  Preparing: SELECT Id, Number, Name, PNumber, URL, State, Sort, Enabled, Type, PushBtn, icon, delete_Flag FROM jsh_functions WHERE (Enabled = ? AND PNumber = ? AND delete_Flag <> ?) ORDER BY Sort 
2019/12/06-09:31:47 DEBUG [http-nio-8080-exec-10] com.jsh.erp.datasource.mappers.FunctionsMapper.selectByExample - ==> Parameters: true(Boolean), 080103(String), 1(String)
2019/12/06-09:31:47 DEBUG [http-nio-8080-exec-10] com.jsh.erp.datasource.mappers.FunctionsMapper.selectByExample - <==      Total: 0
2019/12/06-09:31:47 DEBUG [http-nio-8080-exec-10] com.jsh.erp.datasource.mappers.FunctionsMapper.selectByExample - ==>  Preparing: SELECT Id, Number, Name, PNumber, URL, State, Sort, Enabled, Type, PushBtn, icon, delete_Flag FROM jsh_functions WHERE (Enabled = ? AND PNumber = ? AND delete_Flag <> ?) ORDER BY Sort 
2019/12/06-09:31:47 DEBUG [http-nio-8080-exec-10] com.jsh.erp.datasource.mappers.FunctionsMapper.selectByExample - ==> Parameters: true(Boolean), 080105(String), 1(String)
2019/12/06-09:31:47 DEBUG [http-nio-8080-exec-10] com.jsh.erp.datasource.mappers.FunctionsMapper.selectByExample - <==      Total: 0
2019/12/06-09:31:47 DEBUG [http-nio-8080-exec-10] com.jsh.erp.datasource.mappers.FunctionsMapper.selectByExample - ==>  Preparing: SELECT Id, Number, Name, PNumber, URL, State, Sort, Enabled, Type, PushBtn, icon, delete_Flag FROM jsh_functions WHERE (Enabled = ? AND PNumber = ? AND delete_Flag <> ?) ORDER BY Sort 
2019/12/06-09:31:47 DEBUG [http-nio-8080-exec-10] com.jsh.erp.datasource.mappers.FunctionsMapper.selectByExample - ==> Parameters: true(Boolean), 080107(String), 1(String)
2019/12/06-09:31:47 DEBUG [http-nio-8080-exec-10] com.jsh.erp.datasource.mappers.FunctionsMapper.selectByExample - <==      Total: 0
2019/12/06-09:31:47 DEBUG [http-nio-8080-exec-10] com.jsh.erp.datasource.mappers.FunctionsMapper.selectByExample - ==>  Preparing: SELECT Id, Number, Name, PNumber, URL, State, Sort, Enabled, Type, PushBtn, icon, delete_Flag FROM jsh_functions WHERE (Enabled = ? AND PNumber = ? AND delete_Flag <> ?) ORDER BY Sort 
2019/12/06-09:31:47 DEBUG [http-nio-8080-exec-10] com.jsh.erp.datasource.mappers.FunctionsMapper.selectByExample - ==> Parameters: true(Boolean), 080109(String), 1(String)
2019/12/06-09:31:47 DEBUG [http-nio-8080-exec-10] com.jsh.erp.datasource.mappers.FunctionsMapper.selectByExample - <==      Total: 0
2019/12/06-09:31:47 DEBUG [http-nio-8080-exec-10] com.jsh.erp.datasource.mappers.FunctionsMapper.selectByExample - ==>  Preparing: SELECT Id, Number, Name, PNumber, URL, State, Sort, Enabled, Type, PushBtn, icon, delete_Flag FROM jsh_functions WHERE (Enabled = ? AND PNumber = ? AND delete_Flag <> ?) ORDER BY Sort 
2019/12/06-09:31:47 DEBUG [http-nio-8080-exec-10] com.jsh.erp.datasource.mappers.FunctionsMapper.selectByExample - ==> Parameters: true(Boolean), 080111(String), 1(String)
2019/12/06-09:31:47 DEBUG [http-nio-8080-exec-10] com.jsh.erp.datasource.mappers.FunctionsMapper.selectByExample - <==      Total: 0
2019/12/06-09:31:47 DEBUG [http-nio-8080-exec-10] com.jsh.erp.datasource.mappers.FunctionsMapper.selectByExample - ==>  Preparing: SELECT Id, Number, Name, PNumber, URL, State, Sort, Enabled, Type, PushBtn, icon, delete_Flag FROM jsh_functions WHERE (Enabled = ? AND PNumber = ? AND delete_Flag <> ?) ORDER BY Sort 
2019/12/06-09:31:47 DEBUG [http-nio-8080-exec-10] com.jsh.erp.datasource.mappers.FunctionsMapper.selectByExample - ==> Parameters: true(Boolean), 0704(String), 1(String)
2019/12/06-09:31:47 DEBUG [http-nio-8080-exec-10] com.jsh.erp.datasource.mappers.FunctionsMapper.selectByExample - <==      Total: 6
2019/12/06-09:31:47 DEBUG [http-nio-8080-exec-10] com.jsh.erp.datasource.mappers.FunctionsMapper.selectByExample - ==>  Preparing: SELECT Id, Number, Name, PNumber, URL, State, Sort, Enabled, Type, PushBtn, icon, delete_Flag FROM jsh_functions WHERE (Enabled = ? AND PNumber = ? AND delete_Flag <> ?) ORDER BY Sort 
2019/12/06-09:31:47 DEBUG [http-nio-8080-exec-10] com.jsh.erp.datasource.mappers.FunctionsMapper.selectByExample - ==> Parameters: true(Boolean), 070402(String), 1(String)
2019/12/06-09:31:47 DEBUG [http-nio-8080-exec-10] com.jsh.erp.datasource.mappers.FunctionsMapper.selectByExample - <==      Total: 0
2019/12/06-09:31:47 DEBUG [http-nio-8080-exec-10] com.jsh.erp.datasource.mappers.FunctionsMapper.selectByExample - ==>  Preparing: SELECT Id, Number, Name, PNumber, URL, State, Sort, Enabled, Type, PushBtn, icon, delete_Flag FROM jsh_functions WHERE (Enabled = ? AND PNumber = ? AND delete_Flag <> ?) ORDER BY Sort 
2019/12/06-09:31:47 DEBUG [http-nio-8080-exec-10] com.jsh.erp.datasource.mappers.FunctionsMapper.selectByExample - ==> Parameters: true(Boolean), 070403(String), 1(String)
2019/12/06-09:31:47 DEBUG [http-nio-8080-exec-10] com.jsh.erp.datasource.mappers.FunctionsMapper.selectByExample - <==      Total: 0
2019/12/06-09:31:47 DEBUG [http-nio-8080-exec-10] com.jsh.erp.datasource.mappers.FunctionsMapper.selectByExample - ==>  Preparing: SELECT Id, Number, Name, PNumber, URL, State, Sort, Enabled, Type, PushBtn, icon, delete_Flag FROM jsh_functions WHERE (Enabled = ? AND PNumber = ? AND delete_Flag <> ?) ORDER BY Sort 
2019/12/06-09:31:47 DEBUG [http-nio-8080-exec-10] com.jsh.erp.datasource.mappers.FunctionsMapper.selectByExample - ==> Parameters: true(Boolean), 070404(String), 1(String)
2019/12/06-09:31:47 DEBUG [http-nio-8080-exec-10] com.jsh.erp.datasource.mappers.FunctionsMapper.selectByExample - <==      Total: 0
2019/12/06-09:31:47 DEBUG [http-nio-8080-exec-10] com.jsh.erp.datasource.mappers.FunctionsMapper.selectByExample - ==>  Preparing: SELECT Id, Number, Name, PNumber, URL, State, Sort, Enabled, Type, PushBtn, icon, delete_Flag FROM jsh_functions WHERE (Enabled = ? AND PNumber = ? AND delete_Flag <> ?) ORDER BY Sort 
2019/12/06-09:31:47 DEBUG [http-nio-8080-exec-10] com.jsh.erp.datasource.mappers.FunctionsMapper.selectByExample - ==> Parameters: true(Boolean), 070405(String), 1(String)
2019/12/06-09:31:47 DEBUG [http-nio-8080-exec-10] com.jsh.erp.datasource.mappers.FunctionsMapper.selectByExample - <==      Total: 0
2019/12/06-09:31:47 DEBUG [http-nio-8080-exec-10] com.jsh.erp.datasource.mappers.FunctionsMapper.selectByExample - ==>  Preparing: SELECT Id, Number, Name, PNumber, URL, State, Sort, Enabled, Type, PushBtn, icon, delete_Flag FROM jsh_functions WHERE (Enabled = ? AND PNumber = ? AND delete_Flag <> ?) ORDER BY Sort 
2019/12/06-09:31:47 DEBUG [http-nio-8080-exec-10] com.jsh.erp.datasource.mappers.FunctionsMapper.selectByExample - ==> Parameters: true(Boolean), 070406(String), 1(String)
2019/12/06-09:31:47 DEBUG [http-nio-8080-exec-10] com.jsh.erp.datasource.mappers.FunctionsMapper.selectByExample - <==      Total: 0
2019/12/06-09:31:47 DEBUG [http-nio-8080-exec-10] com.jsh.erp.datasource.mappers.FunctionsMapper.selectByExample - ==>  Preparing: SELECT Id, Number, Name, PNumber, URL, State, Sort, Enabled, Type, PushBtn, icon, delete_Flag FROM jsh_functions WHERE (Enabled = ? AND PNumber = ? AND delete_Flag <> ?) ORDER BY Sort 
2019/12/06-09:31:47 DEBUG [http-nio-8080-exec-10] com.jsh.erp.datasource.mappers.FunctionsMapper.selectByExample - ==> Parameters: true(Boolean), 070407(String), 1(String)
2019/12/06-09:31:47 DEBUG [http-nio-8080-exec-10] com.jsh.erp.datasource.mappers.FunctionsMapper.selectByExample - <==      Total: 0
2019/12/06-09:31:47 DEBUG [http-nio-8080-exec-10] com.jsh.erp.datasource.mappers.FunctionsMapper.selectByExample - ==>  Preparing: SELECT Id, Number, Name, PNumber, URL, State, Sort, Enabled, Type, PushBtn, icon, delete_Flag FROM jsh_functions WHERE (Enabled = ? AND PNumber = ? AND delete_Flag <> ?) ORDER BY Sort 
2019/12/06-09:31:47 DEBUG [http-nio-8080-exec-10] com.jsh.erp.datasource.mappers.FunctionsMapper.selectByExample - ==> Parameters: true(Boolean), 0301(String), 1(String)
2019/12/06-09:31:47 DEBUG [http-nio-8080-exec-10] com.jsh.erp.datasource.mappers.FunctionsMapper.selectByExample - <==      Total: 11
2019/12/06-09:31:47 DEBUG [http-nio-8080-exec-10] com.jsh.erp.datasource.mappers.FunctionsMapper.selectByExample - ==>  Preparing: SELECT Id, Number, Name, PNumber, URL, State, Sort, Enabled, Type, PushBtn, icon, delete_Flag FROM jsh_functions WHERE (Enabled = ? AND PNumber = ? AND delete_Flag <> ?) ORDER BY Sort 
2019/12/06-09:31:47 DEBUG [http-nio-8080-exec-10] com.jsh.erp.datasource.mappers.FunctionsMapper.selectByExample - ==> Parameters: true(Boolean), 030101(String), 1(String)
2019/12/06-09:31:47 DEBUG [http-nio-8080-exec-10] com.jsh.erp.datasource.mappers.FunctionsMapper.selectByExample - <==      Total: 0
2019/12/06-09:31:47 DEBUG [http-nio-8080-exec-10] com.jsh.erp.datasource.mappers.FunctionsMapper.selectByExample - ==>  Preparing: SELECT Id, Number, Name, PNumber, URL, State, Sort, Enabled, Type, PushBtn, icon, delete_Flag FROM jsh_functions WHERE (Enabled = ? AND PNumber = ? AND delete_Flag <> ?) ORDER BY Sort 
2019/12/06-09:31:47 DEBUG [http-nio-8080-exec-10] com.jsh.erp.datasource.mappers.FunctionsMapper.selectByExample - ==> Parameters: true(Boolean), 030102(String), 1(String)
2019/12/06-09:31:47 DEBUG [http-nio-8080-exec-10] com.jsh.erp.datasource.mappers.FunctionsMapper.selectByExample - <==      Total: 0
2019/12/06-09:31:47 DEBUG [http-nio-8080-exec-10] com.jsh.erp.datasource.mappers.FunctionsMapper.selectByExample - ==>  Preparing: SELECT Id, Number, Name, PNumber, URL, State, Sort, Enabled, Type, PushBtn, icon, delete_Flag FROM jsh_functions WHERE (Enabled = ? AND PNumber = ? AND delete_Flag <> ?) ORDER BY Sort 
2019/12/06-09:31:47 DEBUG [http-nio-8080-exec-10] com.jsh.erp.datasource.mappers.FunctionsMapper.selectByExample - ==> Parameters: true(Boolean), 030103(String), 1(String)
2019/12/06-09:31:47 DEBUG [http-nio-8080-exec-10] com.jsh.erp.datasource.mappers.FunctionsMapper.selectByExample - <==      Total: 0
2019/12/06-09:31:47 DEBUG [http-nio-8080-exec-10] com.jsh.erp.datasource.mappers.FunctionsMapper.selectByExample - ==>  Preparing: SELECT Id, Number, Name, PNumber, URL, State, Sort, Enabled, Type, PushBtn, icon, delete_Flag FROM jsh_functions WHERE (Enabled = ? AND PNumber = ? AND delete_Flag <> ?) ORDER BY Sort 
2019/12/06-09:31:47 DEBUG [http-nio-8080-exec-10] com.jsh.erp.datasource.mappers.FunctionsMapper.selectByExample - ==> Parameters: true(Boolean), 030104(String), 1(String)
2019/12/06-09:31:47 DEBUG [http-nio-8080-exec-10] com.jsh.erp.datasource.mappers.FunctionsMapper.selectByExample - <==      Total: 0
2019/12/06-09:31:47 DEBUG [http-nio-8080-exec-10] com.jsh.erp.datasource.mappers.FunctionsMapper.selectByExample - ==>  Preparing: SELECT Id, Number, Name, PNumber, URL, State, Sort, Enabled, Type, PushBtn, icon, delete_Flag FROM jsh_functions WHERE (Enabled = ? AND PNumber = ? AND delete_Flag <> ?) ORDER BY Sort 
2019/12/06-09:31:47 DEBUG [http-nio-8080-exec-10] com.jsh.erp.datasource.mappers.FunctionsMapper.selectByExample - ==> Parameters: true(Boolean), 030106(String), 1(String)
2019/12/06-09:31:47 DEBUG [http-nio-8080-exec-10] com.jsh.erp.datasource.mappers.FunctionsMapper.selectByExample - <==      Total: 0
2019/12/06-09:31:47 DEBUG [http-nio-8080-exec-10] com.jsh.erp.datasource.mappers.FunctionsMapper.selectByExample - ==>  Preparing: SELECT Id, Number, Name, PNumber, URL, State, Sort, Enabled, Type, PushBtn, icon, delete_Flag FROM jsh_functions WHERE (Enabled = ? AND PNumber = ? AND delete_Flag <> ?) ORDER BY Sort 
2019/12/06-09:31:47 DEBUG [http-nio-8080-exec-10] com.jsh.erp.datasource.mappers.FunctionsMapper.selectByExample - ==> Parameters: true(Boolean), 030107(String), 1(String)
2019/12/06-09:31:47 DEBUG [http-nio-8080-exec-10] com.jsh.erp.datasource.mappers.FunctionsMapper.selectByExample - <==      Total: 0
2019/12/06-09:31:47 DEBUG [http-nio-8080-exec-10] com.jsh.erp.datasource.mappers.FunctionsMapper.selectByExample - ==>  Preparing: SELECT Id, Number, Name, PNumber, URL, State, Sort, Enabled, Type, PushBtn, icon, delete_Flag FROM jsh_functions WHERE (Enabled = ? AND PNumber = ? AND delete_Flag <> ?) ORDER BY Sort 
2019/12/06-09:31:47 DEBUG [http-nio-8080-exec-10] com.jsh.erp.datasource.mappers.FunctionsMapper.selectByExample - ==> Parameters: true(Boolean), 030108(String), 1(String)
2019/12/06-09:31:47 DEBUG [http-nio-8080-exec-10] com.jsh.erp.datasource.mappers.FunctionsMapper.selectByExample - <==      Total: 0
2019/12/06-09:31:47 DEBUG [http-nio-8080-exec-10] com.jsh.erp.datasource.mappers.FunctionsMapper.selectByExample - ==>  Preparing: SELECT Id, Number, Name, PNumber, URL, State, Sort, Enabled, Type, PushBtn, icon, delete_Flag FROM jsh_functions WHERE (Enabled = ? AND PNumber = ? AND delete_Flag <> ?) ORDER BY Sort 
2019/12/06-09:31:47 DEBUG [http-nio-8080-exec-10] com.jsh.erp.datasource.mappers.FunctionsMapper.selectByExample - ==> Parameters: true(Boolean), 030109(String), 1(String)
2019/12/06-09:31:47 DEBUG [http-nio-8080-exec-10] com.jsh.erp.datasource.mappers.FunctionsMapper.selectByExample - <==      Total: 0
2019/12/06-09:31:47 DEBUG [http-nio-8080-exec-10] com.jsh.erp.datasource.mappers.FunctionsMapper.selectByExample - ==>  Preparing: SELECT Id, Number, Name, PNumber, URL, State, Sort, Enabled, Type, PushBtn, icon, delete_Flag FROM jsh_functions WHERE (Enabled = ? AND PNumber = ? AND delete_Flag <> ?) ORDER BY Sort 
2019/12/06-09:31:47 DEBUG [http-nio-8080-exec-10] com.jsh.erp.datasource.mappers.FunctionsMapper.selectByExample - ==> Parameters: true(Boolean), 030110(String), 1(String)
2019/12/06-09:31:47 DEBUG [http-nio-8080-exec-10] com.jsh.erp.datasource.mappers.FunctionsMapper.selectByExample - <==      Total: 0
2019/12/06-09:31:47 DEBUG [http-nio-8080-exec-10] com.jsh.erp.datasource.mappers.FunctionsMapper.selectByExample - ==>  Preparing: SELECT Id, Number, Name, PNumber, URL, State, Sort, Enabled, Type, PushBtn, icon, delete_Flag FROM jsh_functions WHERE (Enabled = ? AND PNumber = ? AND delete_Flag <> ?) ORDER BY Sort 
2019/12/06-09:31:47 DEBUG [http-nio-8080-exec-10] com.jsh.erp.datasource.mappers.FunctionsMapper.selectByExample - ==> Parameters: true(Boolean), 030111(String), 1(String)
2019/12/06-09:31:47 DEBUG [http-nio-8080-exec-10] com.jsh.erp.datasource.mappers.FunctionsMapper.selectByExample - <==      Total: 0
2019/12/06-09:31:47 DEBUG [http-nio-8080-exec-10] com.jsh.erp.datasource.mappers.FunctionsMapper.selectByExample - ==>  Preparing: SELECT Id, Number, Name, PNumber, URL, State, Sort, Enabled, Type, PushBtn, icon, delete_Flag FROM jsh_functions WHERE (Enabled = ? AND PNumber = ? AND delete_Flag <> ?) ORDER BY Sort 
2019/12/06-09:31:47 DEBUG [http-nio-8080-exec-10] com.jsh.erp.datasource.mappers.FunctionsMapper.selectByExample - ==> Parameters: true(Boolean), 030112(String), 1(String)
2019/12/06-09:31:47 DEBUG [http-nio-8080-exec-10] com.jsh.erp.datasource.mappers.FunctionsMapper.selectByExample - <==      Total: 0
2019/12/06-09:31:47 DEBUG [http-nio-8080-exec-10] com.jsh.erp.datasource.mappers.FunctionsMapper.selectByExample - ==>  Preparing: SELECT Id, Number, Name, PNumber, URL, State, Sort, Enabled, Type, PushBtn, icon, delete_Flag FROM jsh_functions WHERE (Enabled = ? AND PNumber = ? AND delete_Flag <> ?) ORDER BY Sort 
2019/12/06-09:31:47 DEBUG [http-nio-8080-exec-10] com.jsh.erp.datasource.mappers.FunctionsMapper.selectByExample - ==> Parameters: true(Boolean), 0101(String), 1(String)
2019/12/06-09:31:47 DEBUG [http-nio-8080-exec-10] com.jsh.erp.datasource.mappers.FunctionsMapper.selectByExample - <==      Total: 4
2019/12/06-09:31:47 DEBUG [http-nio-8080-exec-10] com.jsh.erp.datasource.mappers.FunctionsMapper.selectByExample - ==>  Preparing: SELECT Id, Number, Name, PNumber, URL, State, Sort, Enabled, Type, PushBtn, icon, delete_Flag FROM jsh_functions WHERE (Enabled = ? AND PNumber = ? AND delete_Flag <> ?) ORDER BY Sort 
2019/12/06-09:31:47 DEBUG [http-nio-8080-exec-10] com.jsh.erp.datasource.mappers.FunctionsMapper.selectByExample - ==> Parameters: true(Boolean), 010101(String), 1(String)
2019/12/06-09:31:47 DEBUG [http-nio-8080-exec-10] com.jsh.erp.datasource.mappers.FunctionsMapper.selectByExample - <==      Total: 0
2019/12/06-09:31:47 DEBUG [http-nio-8080-exec-10] com.jsh.erp.datasource.mappers.FunctionsMapper.selectByExample - ==>  Preparing: SELECT Id, Number, Name, PNumber, URL, State, Sort, Enabled, Type, PushBtn, icon, delete_Flag FROM jsh_functions WHERE (Enabled = ? AND PNumber = ? AND delete_Flag <> ?) ORDER BY Sort 
2019/12/06-09:31:47 DEBUG [http-nio-8080-exec-10] com.jsh.erp.datasource.mappers.FunctionsMapper.selectByExample - ==> Parameters: true(Boolean), 010102(String), 1(String)
2019/12/06-09:31:47 DEBUG [http-nio-8080-exec-10] com.jsh.erp.datasource.mappers.FunctionsMapper.selectByExample - <==      Total: 0
2019/12/06-09:31:47 DEBUG [http-nio-8080-exec-10] com.jsh.erp.datasource.mappers.FunctionsMapper.selectByExample - ==>  Preparing: SELECT Id, Number, Name, PNumber, URL, State, Sort, Enabled, Type, PushBtn, icon, delete_Flag FROM jsh_functions WHERE (Enabled = ? AND PNumber = ? AND delete_Flag <> ?) ORDER BY Sort 
2019/12/06-09:31:47 DEBUG [http-nio-8080-exec-10] com.jsh.erp.datasource.mappers.FunctionsMapper.selectByExample - ==> Parameters: true(Boolean), 010103(String), 1(String)
2019/12/06-09:31:47 DEBUG [http-nio-8080-exec-10] com.jsh.erp.datasource.mappers.FunctionsMapper.selectByExample - <==      Total: 0
2019/12/06-09:31:47 DEBUG [http-nio-8080-exec-10] com.jsh.erp.datasource.mappers.FunctionsMapper.selectByExample - ==>  Preparing: SELECT Id, Number, Name, PNumber, URL, State, Sort, Enabled, Type, PushBtn, icon, delete_Flag FROM jsh_functions WHERE (Enabled = ? AND PNumber = ? AND delete_Flag <> ?) ORDER BY Sort 
2019/12/06-09:31:47 DEBUG [http-nio-8080-exec-10] com.jsh.erp.datasource.mappers.FunctionsMapper.selectByExample - ==> Parameters: true(Boolean), 010104(String), 1(String)
2019/12/06-09:31:47 DEBUG [http-nio-8080-exec-10] com.jsh.erp.datasource.mappers.FunctionsMapper.selectByExample - <==      Total: 0
2019/12/06-09:31:47 DEBUG [http-nio-8080-exec-10] com.jsh.erp.datasource.mappers.FunctionsMapper.selectByExample - ==>  Preparing: SELECT Id, Number, Name, PNumber, URL, State, Sort, Enabled, Type, PushBtn, icon, delete_Flag FROM jsh_functions WHERE (Enabled = ? AND PNumber = ? AND delete_Flag <> ?) ORDER BY Sort 
2019/12/06-09:31:47 DEBUG [http-nio-8080-exec-10] com.jsh.erp.datasource.mappers.FunctionsMapper.selectByExample - ==> Parameters: true(Boolean), 0102(String), 1(String)
2019/12/06-09:31:47 DEBUG [http-nio-8080-exec-10] com.jsh.erp.datasource.mappers.FunctionsMapper.selectByExample - <==      Total: 7
2019/12/06-09:31:47 DEBUG [http-nio-8080-exec-10] com.jsh.erp.datasource.mappers.FunctionsMapper.selectByExample - ==>  Preparing: SELECT Id, Number, Name, PNumber, URL, State, Sort, Enabled, Type, PushBtn, icon, delete_Flag FROM jsh_functions WHERE (Enabled = ? AND PNumber = ? AND delete_Flag <> ?) ORDER BY Sort 
2019/12/06-09:31:47 DEBUG [http-nio-8080-exec-10] com.jsh.erp.datasource.mappers.FunctionsMapper.selectByExample - ==> Parameters: true(Boolean), 01020101(String), 1(String)
2019/12/06-09:31:47 DEBUG [http-nio-8080-exec-10] com.jsh.erp.datasource.mappers.FunctionsMapper.selectByExample - <==      Total: 0
2019/12/06-09:31:47 DEBUG [http-nio-8080-exec-10] com.jsh.erp.datasource.mappers.FunctionsMapper.selectByExample - ==>  Preparing: SELECT Id, Number, Name, PNumber, URL, State, Sort, Enabled, Type, PushBtn, icon, delete_Flag FROM jsh_functions WHERE (Enabled = ? AND PNumber = ? AND delete_Flag <> ?) ORDER BY Sort 
2019/12/06-09:31:47 DEBUG [http-nio-8080-exec-10] com.jsh.erp.datasource.mappers.FunctionsMapper.selectByExample - ==> Parameters: true(Boolean), 01020102(String), 1(String)
2019/12/06-09:31:47 DEBUG [http-nio-8080-exec-10] com.jsh.erp.datasource.mappers.FunctionsMapper.selectByExample - <==      Total: 0
2019/12/06-09:31:47 DEBUG [http-nio-8080-exec-10] com.jsh.erp.datasource.mappers.FunctionsMapper.selectByExample - ==>  Preparing: SELECT Id, Number, Name, PNumber, URL, State, Sort, Enabled, Type, PushBtn, icon, delete_Flag FROM jsh_functions WHERE (Enabled = ? AND PNumber = ? AND delete_Flag <> ?) ORDER BY Sort 
2019/12/06-09:31:47 DEBUG [http-nio-8080-exec-10] com.jsh.erp.datasource.mappers.FunctionsMapper.selectByExample - ==> Parameters: true(Boolean), 01020103(String), 1(String)
2019/12/06-09:31:47 DEBUG [http-nio-8080-exec-10] com.jsh.erp.datasource.mappers.FunctionsMapper.selectByExample - <==      Total: 0
2019/12/06-09:31:47 DEBUG [http-nio-8080-exec-10] com.jsh.erp.datasource.mappers.FunctionsMapper.selectByExample - ==>  Preparing: SELECT Id, Number, Name, PNumber, URL, State, Sort, Enabled, Type, PushBtn, icon, delete_Flag FROM jsh_functions WHERE (Enabled = ? AND PNumber = ? AND delete_Flag <> ?) ORDER BY Sort 
2019/12/06-09:31:47 DEBUG [http-nio-8080-exec-10] com.jsh.erp.datasource.mappers.FunctionsMapper.selectByExample - ==> Parameters: true(Boolean), 010202(String), 1(String)
2019/12/06-09:31:47 DEBUG [http-nio-8080-exec-10] com.jsh.erp.datasource.mappers.FunctionsMapper.selectByExample - <==      Total: 0
2019/12/06-09:31:47 DEBUG [http-nio-8080-exec-10] com.jsh.erp.datasource.mappers.FunctionsMapper.selectByExample - ==>  Preparing: SELECT Id, Number, Name, PNumber, URL, State, Sort, Enabled, Type, PushBtn, icon, delete_Flag FROM jsh_functions WHERE (Enabled = ? AND PNumber = ? AND delete_Flag <> ?) ORDER BY Sort 
2019/12/06-09:31:47 DEBUG [http-nio-8080-exec-10] com.jsh.erp.datasource.mappers.FunctionsMapper.selectByExample - ==> Parameters: true(Boolean), 010204(String), 1(String)
2019/12/06-09:31:47 DEBUG [http-nio-8080-exec-10] com.jsh.erp.datasource.mappers.FunctionsMapper.selectByExample - <==      Total: 0
2019/12/06-09:31:47 DEBUG [http-nio-8080-exec-10] com.jsh.erp.datasource.mappers.FunctionsMapper.selectByExample - ==>  Preparing: SELECT Id, Number, Name, PNumber, URL, State, Sort, Enabled, Type, PushBtn, icon, delete_Flag FROM jsh_functions WHERE (Enabled = ? AND PNumber = ? AND delete_Flag <> ?) ORDER BY Sort 
2019/12/06-09:31:47 DEBUG [http-nio-8080-exec-10] com.jsh.erp.datasource.mappers.FunctionsMapper.selectByExample - ==> Parameters: true(Boolean), 010205(String), 1(String)
2019/12/06-09:31:47 DEBUG [http-nio-8080-exec-10] com.jsh.erp.datasource.mappers.FunctionsMapper.selectByExample - <==      Total: 0
2019/12/06-09:31:47 DEBUG [http-nio-8080-exec-10] com.jsh.erp.datasource.mappers.FunctionsMapper.selectByExample - ==>  Preparing: SELECT Id, Number, Name, PNumber, URL, State, Sort, Enabled, Type, PushBtn, icon, delete_Flag FROM jsh_functions WHERE (Enabled = ? AND PNumber = ? AND delete_Flag <> ?) ORDER BY Sort 
2019/12/06-09:31:47 DEBUG [http-nio-8080-exec-10] com.jsh.erp.datasource.mappers.FunctionsMapper.selectByExample - ==> Parameters: true(Boolean), 010206(String), 1(String)
2019/12/06-09:31:47 DEBUG [http-nio-8080-exec-10] com.jsh.erp.datasource.mappers.FunctionsMapper.selectByExample - <==      Total: 0
2019/12/06-09:31:47 DEBUG [http-nio-8080-exec-10] com.jsh.erp.datasource.mappers.FunctionsMapper.selectByExample - ==>  Preparing: SELECT Id, Number, Name, PNumber, URL, State, Sort, Enabled, Type, PushBtn, icon, delete_Flag FROM jsh_functions WHERE (Enabled = ? AND PNumber = ? AND delete_Flag <> ?) ORDER BY Sort 
2019/12/06-09:31:47 DEBUG [http-nio-8080-exec-10] com.jsh.erp.datasource.mappers.FunctionsMapper.selectByExample - ==> Parameters: true(Boolean), 0001(String), 1(String)
2019/12/06-09:31:47 DEBUG [http-nio-8080-exec-10] com.jsh.erp.datasource.mappers.FunctionsMapper.selectByExample - <==      Total: 7
2019/12/06-09:31:47 DEBUG [http-nio-8080-exec-10] com.jsh.erp.datasource.mappers.FunctionsMapper.selectByExample - ==>  Preparing: SELECT Id, Number, Name, PNumber, URL, State, Sort, Enabled, Type, PushBtn, icon, delete_Flag FROM jsh_functions WHERE (Enabled = ? AND PNumber = ? AND delete_Flag <> ?) ORDER BY Sort 
2019/12/06-09:31:47 DEBUG [http-nio-8080-exec-10] com.jsh.erp.datasource.mappers.FunctionsMapper.selectByExample - ==> Parameters: true(Boolean), 000102(String), 1(String)
2019/12/06-09:31:47 DEBUG [http-nio-8080-exec-10] com.jsh.erp.datasource.mappers.FunctionsMapper.selectByExample - <==      Total: 0
2019/12/06-09:31:47 DEBUG [http-nio-8080-exec-10] com.jsh.erp.datasource.mappers.FunctionsMapper.selectByExample - ==>  Preparing: SELECT Id, Number, Name, PNumber, URL, State, Sort, Enabled, Type, PushBtn, icon, delete_Flag FROM jsh_functions WHERE (Enabled = ? AND PNumber = ? AND delete_Flag <> ?) ORDER BY Sort 
2019/12/06-09:31:47 DEBUG [http-nio-8080-exec-10] com.jsh.erp.datasource.mappers.FunctionsMapper.selectByExample - ==> Parameters: true(Boolean), 000105(String), 1(String)
2019/12/06-09:31:47 DEBUG [http-nio-8080-exec-10] com.jsh.erp.datasource.mappers.FunctionsMapper.selectByExample - <==      Total: 0
2019/12/06-09:31:47 DEBUG [http-nio-8080-exec-10] com.jsh.erp.datasource.mappers.FunctionsMapper.selectByExample - ==>  Preparing: SELECT Id, Number, Name, PNumber, URL, State, Sort, Enabled, Type, PushBtn, icon, delete_Flag FROM jsh_functions WHERE (Enabled = ? AND PNumber = ? AND delete_Flag <> ?) ORDER BY Sort 
2019/12/06-09:31:47 DEBUG [http-nio-8080-exec-10] com.jsh.erp.datasource.mappers.FunctionsMapper.selectByExample - ==> Parameters: true(Boolean), 000108(String), 1(String)
2019/12/06-09:31:47 DEBUG [http-nio-8080-exec-10] com.jsh.erp.datasource.mappers.FunctionsMapper.selectByExample - <==      Total: 0
2019/12/06-09:31:47 DEBUG [http-nio-8080-exec-10] com.jsh.erp.datasource.mappers.FunctionsMapper.selectByExample - ==>  Preparing: SELECT Id, Number, Name, PNumber, URL, State, Sort, Enabled, Type, PushBtn, icon, delete_Flag FROM jsh_functions WHERE (Enabled = ? AND PNumber = ? AND delete_Flag <> ?) ORDER BY Sort 
2019/12/06-09:31:47 DEBUG [http-nio-8080-exec-10] com.jsh.erp.datasource.mappers.FunctionsMapper.selectByExample - ==> Parameters: true(Boolean), 000103(String), 1(String)
2019/12/06-09:31:47 DEBUG [http-nio-8080-exec-10] com.jsh.erp.datasource.mappers.FunctionsMapper.selectByExample - <==      Total: 0
2019/12/06-09:31:47 DEBUG [http-nio-8080-exec-10] com.jsh.erp.datasource.mappers.FunctionsMapper.selectByExample - ==>  Preparing: SELECT Id, Number, Name, PNumber, URL, State, Sort, Enabled, Type, PushBtn, icon, delete_Flag FROM jsh_functions WHERE (Enabled = ? AND PNumber = ? AND delete_Flag <> ?) ORDER BY Sort 
2019/12/06-09:31:47 DEBUG [http-nio-8080-exec-10] com.jsh.erp.datasource.mappers.FunctionsMapper.selectByExample - ==> Parameters: true(Boolean), 000104(String), 1(String)
2019/12/06-09:31:47 DEBUG [http-nio-8080-exec-10] com.jsh.erp.datasource.mappers.FunctionsMapper.selectByExample - <==      Total: 0
2019/12/06-09:31:47 DEBUG [http-nio-8080-exec-10] com.jsh.erp.datasource.mappers.FunctionsMapper.selectByExample - ==>  Preparing: SELECT Id, Number, Name, PNumber, URL, State, Sort, Enabled, Type, PushBtn, icon, delete_Flag FROM jsh_functions WHERE (Enabled = ? AND PNumber = ? AND delete_Flag <> ?) ORDER BY Sort 
2019/12/06-09:31:47 DEBUG [http-nio-8080-exec-10] com.jsh.erp.datasource.mappers.FunctionsMapper.selectByExample - ==> Parameters: true(Boolean), 000105(String), 1(String)
2019/12/06-09:31:47 DEBUG [http-nio-8080-exec-10] com.jsh.erp.datasource.mappers.FunctionsMapper.selectByExample - <==      Total: 0
2019/12/06-09:31:47 DEBUG [http-nio-8080-exec-10] com.jsh.erp.datasource.mappers.FunctionsMapper.selectByExample - ==>  Preparing: SELECT Id, Number, Name, PNumber, URL, State, Sort, Enabled, Type, PushBtn, icon, delete_Flag FROM jsh_functions WHERE (Enabled = ? AND PNumber = ? AND delete_Flag <> ?) ORDER BY Sort 
2019/12/06-09:31:47 DEBUG [http-nio-8080-exec-10] com.jsh.erp.datasource.mappers.FunctionsMapper.selectByExample - ==> Parameters: true(Boolean), 000106(String), 1(String)
2019/12/06-09:31:47 DEBUG [http-nio-8080-exec-10] com.jsh.erp.datasource.mappers.FunctionsMapper.selectByExample - <==      Total: 0
2019/12/06-09:31:48 DEBUG [http-nio-8080-exec-6] com.jsh.erp.datasource.mappers.DepotItemMapperEx.inOrOutPrice - ==>  Preparing: SELECT ifnull(sum(DiscountLastMoney), 0) AS allMoney FROM jsh_depothead dh WHERE 1 = 1 AND dh.type = '入库' AND dh.subType = '采购' AND dh.OperTime >= '2019-07-01 00:00:00' AND dh.OperTime <= '2019-07-31 23:59:59' AND ifnull(dh.delete_Flag, '0') != '1' 
2019/12/06-09:31:48 DEBUG [http-nio-8080-exec-2] com.jsh.erp.datasource.mappers.DepotHeadMapperEx.getBuyAndSaleStatistics - ==>  Preparing: SELECT ifnull(sum(DiscountLastMoney), 0) FROM jsh_depothead WHERE 1 = 1 AND Type = '出库' AND SubType = '销售' AND OrganId IS NOT NULL AND OperTime >= '2019-12-06 00:00:00' AND OperTime <= '2019-12-06 09:31:48' AND ifnull(delete_Flag, '0') != '1' 
2019/12/06-09:31:48 DEBUG [http-nio-8080-exec-6] com.jsh.erp.datasource.mappers.DepotItemMapperEx.inOrOutPrice - ==> Parameters: 
2019/12/06-09:31:48 DEBUG [http-nio-8080-exec-2] com.jsh.erp.datasource.mappers.DepotHeadMapperEx.getBuyAndSaleStatistics - ==> Parameters: 
2019/12/06-09:31:48 DEBUG [http-nio-8080-exec-6] com.jsh.erp.datasource.mappers.DepotItemMapperEx.inOrOutPrice - <==      Total: 1
2019/12/06-09:31:48 DEBUG [http-nio-8080-exec-6] com.jsh.erp.datasource.mappers.DepotItemMapperEx.inOrOutPrice - ==>  Preparing: SELECT ifnull(sum(DiscountLastMoney), 0) AS allMoney FROM jsh_depothead dh WHERE 1 = 1 AND dh.type = '出库' AND dh.subType = '采购退货' AND dh.OperTime >= '2019-07-01 00:00:00' AND dh.OperTime <= '2019-07-31 23:59:59' AND ifnull(dh.delete_Flag, '0') != '1' 
2019/12/06-09:31:48 DEBUG [http-nio-8080-exec-2] com.jsh.erp.datasource.mappers.DepotHeadMapperEx.getBuyAndSaleStatistics - <==      Total: 1
2019/12/06-09:31:48 DEBUG [http-nio-8080-exec-2] com.jsh.erp.datasource.mappers.DepotHeadMapperEx.getBuyAndSaleStatistics - ==>  Preparing: SELECT ifnull(sum(DiscountLastMoney), 0) FROM jsh_depothead WHERE 1 = 1 AND Type = '出库' AND SubType = '销售' AND OrganId IS NULL AND OperTime >= '2019-12-06 00:00:00' AND OperTime <= '2019-12-06 09:31:48' AND ifnull(delete_Flag, '0') != '1' 
2019/12/06-09:31:48 DEBUG [http-nio-8080-exec-6] com.jsh.erp.datasource.mappers.DepotItemMapperEx.inOrOutPrice - ==> Parameters: 
2019/12/06-09:31:48 DEBUG [http-nio-8080-exec-2] com.jsh.erp.datasource.mappers.DepotHeadMapperEx.getBuyAndSaleStatistics - ==> Parameters: 
2019/12/06-09:31:48 DEBUG [http-nio-8080-exec-6] com.jsh.erp.datasource.mappers.DepotItemMapperEx.inOrOutPrice - <==      Total: 1
2019/12/06-09:31:48 DEBUG [http-nio-8080-exec-6] com.jsh.erp.datasource.mappers.DepotItemMapperEx.inOrOutPrice - ==>  Preparing: SELECT ifnull(sum(DiscountLastMoney), 0) AS allMoney FROM jsh_depothead dh WHERE 1 = 1 AND dh.type = '入库' AND dh.subType = '采购' AND dh.OperTime >= '2019-08-01 00:00:00' AND dh.OperTime <= '2019-08-31 23:59:59' AND ifnull(dh.delete_Flag, '0') != '1' 
2019/12/06-09:31:48 DEBUG [http-nio-8080-exec-6] com.jsh.erp.datasource.mappers.DepotItemMapperEx.inOrOutPrice - ==> Parameters: 
2019/12/06-09:31:48 DEBUG [http-nio-8080-exec-6] com.jsh.erp.datasource.mappers.DepotItemMapperEx.inOrOutPrice - <==      Total: 1
2019/12/06-09:31:48 DEBUG [http-nio-8080-exec-6] com.jsh.erp.datasource.mappers.DepotItemMapperEx.inOrOutPrice - ==>  Preparing: SELECT ifnull(sum(DiscountLastMoney), 0) AS allMoney FROM jsh_depothead dh WHERE 1 = 1 AND dh.type = '出库' AND dh.subType = '采购退货' AND dh.OperTime >= '2019-08-01 00:00:00' AND dh.OperTime <= '2019-08-31 23:59:59' AND ifnull(dh.delete_Flag, '0') != '1' 
2019/12/06-09:31:48 DEBUG [http-nio-8080-exec-2] com.jsh.erp.datasource.mappers.DepotHeadMapperEx.getBuyAndSaleStatistics - <==      Total: 1
2019/12/06-09:31:48 DEBUG [http-nio-8080-exec-2] com.jsh.erp.datasource.mappers.DepotHeadMapperEx.getBuyAndSaleStatistics - ==>  Preparing: SELECT ifnull(sum(DiscountLastMoney), 0) FROM jsh_depothead WHERE 1 = 1 AND Type = '出库' AND SubType = '销售' AND OrganId IS NOT NULL AND OperTime >= '2019-12-01 00:00:00' AND OperTime <= '2019-12-06 09:31:48' AND ifnull(delete_Flag, '0') != '1' 
2019/12/06-09:31:48 DEBUG [http-nio-8080-exec-6] com.jsh.erp.datasource.mappers.DepotItemMapperEx.inOrOutPrice - ==> Parameters: 
2019/12/06-09:31:48 DEBUG [http-nio-8080-exec-2] com.jsh.erp.datasource.mappers.DepotHeadMapperEx.getBuyAndSaleStatistics - ==> Parameters: 
2019/12/06-09:31:48 DEBUG [http-nio-8080-exec-2] com.jsh.erp.datasource.mappers.DepotHeadMapperEx.getBuyAndSaleStatistics - <==      Total: 1
2019/12/06-09:31:48 DEBUG [http-nio-8080-exec-2] com.jsh.erp.datasource.mappers.DepotHeadMapperEx.getBuyAndSaleStatistics - ==>  Preparing: SELECT ifnull(sum(DiscountLastMoney), 0) FROM jsh_depothead WHERE 1 = 1 AND Type = '出库' AND SubType = '销售' AND OrganId IS NULL AND OperTime >= '2019-12-01 00:00:00' AND OperTime <= '2019-12-06 09:31:48' AND ifnull(delete_Flag, '0') != '1' 
2019/12/06-09:31:48 DEBUG [http-nio-8080-exec-2] com.jsh.erp.datasource.mappers.DepotHeadMapperEx.getBuyAndSaleStatistics - ==> Parameters: 
2019/12/06-09:31:48 DEBUG [http-nio-8080-exec-2] com.jsh.erp.datasource.mappers.DepotHeadMapperEx.getBuyAndSaleStatistics - <==      Total: 1
2019/12/06-09:31:48 DEBUG [http-nio-8080-exec-2] com.jsh.erp.datasource.mappers.DepotHeadMapperEx.getBuyAndSaleStatistics - ==>  Preparing: SELECT ifnull(sum(DiscountLastMoney), 0) FROM jsh_depothead WHERE 1 = 1 AND Type = '入库' AND SubType = '采购' AND OrganId IS NOT NULL AND OperTime >= '2019-12-01 00:00:00' AND OperTime <= '2019-12-06 09:31:48' AND ifnull(delete_Flag, '0') != '1' 
2019/12/06-09:31:48 DEBUG [http-nio-8080-exec-2] com.jsh.erp.datasource.mappers.DepotHeadMapperEx.getBuyAndSaleStatistics - ==> Parameters: 
2019/12/06-09:31:48 DEBUG [http-nio-8080-exec-2] com.jsh.erp.datasource.mappers.DepotHeadMapperEx.getBuyAndSaleStatistics - <==      Total: 1
2019/12/06-09:31:48 DEBUG [http-nio-8080-exec-5] com.jsh.erp.datasource.mappers.UserMapperEx.selectByConditionUser - ==>  Preparing: SELECT * FROM jsh_user WHERE 1 = 1 AND ifnull(status, '0') NOT IN ('1', '2') LIMIT ?, ? 
2019/12/06-09:31:48 DEBUG [http-nio-8080-exec-5] com.jsh.erp.datasource.mappers.UserMapperEx.selectByConditionUser - ==> Parameters: 0(Integer), 10(Integer)
2019/12/06-09:31:48 DEBUG [http-nio-8080-exec-5] com.jsh.erp.datasource.mappers.UserMapperEx.selectByConditionUser - <==      Total: 10
2019/12/06-09:31:48 DEBUG [http-nio-8080-exec-5] com.jsh.erp.datasource.mappers.UserMapperEx.countsByUser - ==>  Preparing: SELECT COUNT(id) FROM jsh_user WHERE 1 = 1 AND ifnull(status, '0') NOT IN ('1', '2') 
2019/12/06-09:31:48 DEBUG [http-nio-8080-exec-5] com.jsh.erp.datasource.mappers.UserMapperEx.countsByUser - ==> Parameters: 
2019/12/06-09:31:48 DEBUG [http-nio-8080-exec-6] com.jsh.erp.datasource.mappers.DepotItemMapperEx.inOrOutPrice - <==      Total: 1
2019/12/06-09:31:48 DEBUG [http-nio-8080-exec-5] com.jsh.erp.datasource.mappers.UserMapperEx.countsByUser - <==      Total: 1
2019/12/06-09:31:48 DEBUG [http-nio-8080-exec-6] com.jsh.erp.datasource.mappers.DepotItemMapperEx.inOrOutPrice - ==>  Preparing: SELECT ifnull(sum(DiscountLastMoney), 0) AS allMoney FROM jsh_depothead dh WHERE 1 = 1 AND dh.type = '入库' AND dh.subType = '采购' AND dh.OperTime >= '2019-09-01 00:00:00' AND dh.OperTime <= '2019-09-31 23:59:59' AND ifnull(dh.delete_Flag, '0') != '1' 
2019/12/06-09:31:48 DEBUG [http-nio-8080-exec-6] com.jsh.erp.datasource.mappers.DepotItemMapperEx.inOrOutPrice - ==> Parameters: 
2019/12/06-09:31:48 DEBUG [http-nio-8080-exec-6] com.jsh.erp.datasource.mappers.DepotItemMapperEx.inOrOutPrice - <==      Total: 1
2019/12/06-09:31:48 DEBUG [http-nio-8080-exec-6] com.jsh.erp.datasource.mappers.DepotItemMapperEx.inOrOutPrice - ==>  Preparing: SELECT ifnull(sum(DiscountLastMoney), 0) AS allMoney FROM jsh_depothead dh WHERE 1 = 1 AND dh.type = '出库' AND dh.subType = '采购退货' AND dh.OperTime >= '2019-09-01 00:00:00' AND dh.OperTime <= '2019-09-31 23:59:59' AND ifnull(dh.delete_Flag, '0') != '1' 
2019/12/06-09:31:48 DEBUG [http-nio-8080-exec-6] com.jsh.erp.datasource.mappers.DepotItemMapperEx.inOrOutPrice - ==> Parameters: 
2019/12/06-09:31:48 DEBUG [http-nio-8080-exec-6] com.jsh.erp.datasource.mappers.DepotItemMapperEx.inOrOutPrice - <==      Total: 1
2019/12/06-09:31:48 DEBUG [http-nio-8080-exec-6] com.jsh.erp.datasource.mappers.DepotItemMapperEx.inOrOutPrice - ==>  Preparing: SELECT ifnull(sum(DiscountLastMoney), 0) AS allMoney FROM jsh_depothead dh WHERE 1 = 1 AND dh.type = '入库' AND dh.subType = '采购' AND dh.OperTime >= '2019-10-01 00:00:00' AND dh.OperTime <= '2019-10-31 23:59:59' AND ifnull(dh.delete_Flag, '0') != '1' 
2019/12/06-09:31:48 DEBUG [http-nio-8080-exec-6] com.jsh.erp.datasource.mappers.DepotItemMapperEx.inOrOutPrice - ==> Parameters: 
2019/12/06-09:31:48 DEBUG [http-nio-8080-exec-6] com.jsh.erp.datasource.mappers.DepotItemMapperEx.inOrOutPrice - <==      Total: 1
2019/12/06-09:31:48 DEBUG [http-nio-8080-exec-6] com.jsh.erp.datasource.mappers.DepotItemMapperEx.inOrOutPrice - ==>  Preparing: SELECT ifnull(sum(DiscountLastMoney), 0) AS allMoney FROM jsh_depothead dh WHERE 1 = 1 AND dh.type = '出库' AND dh.subType = '采购退货' AND dh.OperTime >= '2019-10-01 00:00:00' AND dh.OperTime <= '2019-10-31 23:59:59' AND ifnull(dh.delete_Flag, '0') != '1' 
2019/12/06-09:31:48 DEBUG [http-nio-8080-exec-6] com.jsh.erp.datasource.mappers.DepotItemMapperEx.inOrOutPrice - ==> Parameters: 
2019/12/06-09:31:48 DEBUG [http-nio-8080-exec-6] com.jsh.erp.datasource.mappers.DepotItemMapperEx.inOrOutPrice - <==      Total: 1
2019/12/06-09:31:48 DEBUG [http-nio-8080-exec-6] com.jsh.erp.datasource.mappers.DepotItemMapperEx.inOrOutPrice - ==>  Preparing: SELECT ifnull(sum(DiscountLastMoney), 0) AS allMoney FROM jsh_depothead dh WHERE 1 = 1 AND dh.type = '入库' AND dh.subType = '采购' AND dh.OperTime >= '2019-11-01 00:00:00' AND dh.OperTime <= '2019-11-31 23:59:59' AND ifnull(dh.delete_Flag, '0') != '1' 
2019/12/06-09:31:48 DEBUG [http-nio-8080-exec-6] com.jsh.erp.datasource.mappers.DepotItemMapperEx.inOrOutPrice - ==> Parameters: 
2019/12/06-09:31:48 DEBUG [http-nio-8080-exec-6] com.jsh.erp.datasource.mappers.DepotItemMapperEx.inOrOutPrice - <==      Total: 1
2019/12/06-09:31:48 DEBUG [http-nio-8080-exec-6] com.jsh.erp.datasource.mappers.DepotItemMapperEx.inOrOutPrice - ==>  Preparing: SELECT ifnull(sum(DiscountLastMoney), 0) AS allMoney FROM jsh_depothead dh WHERE 1 = 1 AND dh.type = '出库' AND dh.subType = '采购退货' AND dh.OperTime >= '2019-11-01 00:00:00' AND dh.OperTime <= '2019-11-31 23:59:59' AND ifnull(dh.delete_Flag, '0') != '1' 
2019/12/06-09:31:48 DEBUG [http-nio-8080-exec-6] com.jsh.erp.datasource.mappers.DepotItemMapperEx.inOrOutPrice - ==> Parameters: 
2019/12/06-09:31:48 DEBUG [http-nio-8080-exec-6] com.jsh.erp.datasource.mappers.DepotItemMapperEx.inOrOutPrice - <==      Total: 1
2019/12/06-09:31:48 DEBUG [http-nio-8080-exec-6] com.jsh.erp.datasource.mappers.DepotItemMapperEx.inOrOutPrice - ==>  Preparing: SELECT ifnull(sum(DiscountLastMoney), 0) AS allMoney FROM jsh_depothead dh WHERE 1 = 1 AND dh.type = '入库' AND dh.subType = '采购' AND dh.OperTime >= '2019-12-01 00:00:00' AND dh.OperTime <= '2019-12-31 23:59:59' AND ifnull(dh.delete_Flag, '0') != '1' 
2019/12/06-09:31:48 DEBUG [http-nio-8080-exec-6] com.jsh.erp.datasource.mappers.DepotItemMapperEx.inOrOutPrice - ==> Parameters: 
2019/12/06-09:31:48 DEBUG [http-nio-8080-exec-6] com.jsh.erp.datasource.mappers.DepotItemMapperEx.inOrOutPrice - <==      Total: 1
2019/12/06-09:31:48 DEBUG [http-nio-8080-exec-6] com.jsh.erp.datasource.mappers.DepotItemMapperEx.inOrOutPrice - ==>  Preparing: SELECT ifnull(sum(DiscountLastMoney), 0) AS allMoney FROM jsh_depothead dh WHERE 1 = 1 AND dh.type = '出库' AND dh.subType = '采购退货' AND dh.OperTime >= '2019-12-01 00:00:00' AND dh.OperTime <= '2019-12-31 23:59:59' AND ifnull(dh.delete_Flag, '0') != '1' 
2019/12/06-09:31:48 DEBUG [http-nio-8080-exec-6] com.jsh.erp.datasource.mappers.DepotItemMapperEx.inOrOutPrice - ==> Parameters: 
2019/12/06-09:31:48 DEBUG [http-nio-8080-exec-6] com.jsh.erp.datasource.mappers.DepotItemMapperEx.inOrOutPrice - <==      Total: 1
2019/12/06-09:31:48 DEBUG [http-nio-8080-exec-6] com.jsh.erp.datasource.mappers.DepotItemMapperEx.inOrOutPrice - ==>  Preparing: SELECT ifnull(sum(DiscountLastMoney), 0) AS allMoney FROM jsh_depothead dh WHERE 1 = 1 AND dh.type = '出库' AND dh.subType = '销售' AND dh.OperTime >= '2019-07-01 00:00:00' AND dh.OperTime <= '2019-07-31 23:59:59' AND ifnull(dh.delete_Flag, '0') != '1' 
2019/12/06-09:31:48 DEBUG [http-nio-8080-exec-6] com.jsh.erp.datasource.mappers.DepotItemMapperEx.inOrOutPrice - ==> Parameters: 
2019/12/06-09:31:48 DEBUG [http-nio-8080-exec-6] com.jsh.erp.datasource.mappers.DepotItemMapperEx.inOrOutPrice - <==      Total: 1
2019/12/06-09:31:48 DEBUG [http-nio-8080-exec-6] com.jsh.erp.datasource.mappers.DepotItemMapperEx.inOrOutPrice - ==>  Preparing: SELECT ifnull(sum(DiscountLastMoney), 0) AS allMoney FROM jsh_depothead dh WHERE 1 = 1 AND dh.type = '入库' AND dh.subType = '销售退货' AND dh.OperTime >= '2019-07-01 00:00:00' AND dh.OperTime <= '2019-07-31 23:59:59' AND ifnull(dh.delete_Flag, '0') != '1' 
2019/12/06-09:31:48 DEBUG [http-nio-8080-exec-6] com.jsh.erp.datasource.mappers.DepotItemMapperEx.inOrOutPrice - ==> Parameters: 
2019/12/06-09:31:48 DEBUG [http-nio-8080-exec-6] com.jsh.erp.datasource.mappers.DepotItemMapperEx.inOrOutPrice - <==      Total: 1
2019/12/06-09:31:48 DEBUG [http-nio-8080-exec-6] com.jsh.erp.datasource.mappers.DepotItemMapperEx.inOrOutPrice - ==>  Preparing: SELECT ifnull(sum(DiscountLastMoney), 0) AS allMoney FROM jsh_depothead dh WHERE 1 = 1 AND dh.type = '出库' AND dh.subType = '销售' AND dh.OperTime >= '2019-08-01 00:00:00' AND dh.OperTime <= '2019-08-31 23:59:59' AND ifnull(dh.delete_Flag, '0') != '1' 
2019/12/06-09:31:48 DEBUG [http-nio-8080-exec-6] com.jsh.erp.datasource.mappers.DepotItemMapperEx.inOrOutPrice - ==> Parameters: 
2019/12/06-09:31:48 DEBUG [http-nio-8080-exec-6] com.jsh.erp.datasource.mappers.DepotItemMapperEx.inOrOutPrice - <==      Total: 1
2019/12/06-09:31:48 DEBUG [http-nio-8080-exec-6] com.jsh.erp.datasource.mappers.DepotItemMapperEx.inOrOutPrice - ==>  Preparing: SELECT ifnull(sum(DiscountLastMoney), 0) AS allMoney FROM jsh_depothead dh WHERE 1 = 1 AND dh.type = '入库' AND dh.subType = '销售退货' AND dh.OperTime >= '2019-08-01 00:00:00' AND dh.OperTime <= '2019-08-31 23:59:59' AND ifnull(dh.delete_Flag, '0') != '1' 
2019/12/06-09:31:48 DEBUG [http-nio-8080-exec-6] com.jsh.erp.datasource.mappers.DepotItemMapperEx.inOrOutPrice - ==> Parameters: 
2019/12/06-09:31:48 DEBUG [http-nio-8080-exec-6] com.jsh.erp.datasource.mappers.DepotItemMapperEx.inOrOutPrice - <==      Total: 1
2019/12/06-09:31:48 DEBUG [http-nio-8080-exec-6] com.jsh.erp.datasource.mappers.DepotItemMapperEx.inOrOutPrice - ==>  Preparing: SELECT ifnull(sum(DiscountLastMoney), 0) AS allMoney FROM jsh_depothead dh WHERE 1 = 1 AND dh.type = '出库' AND dh.subType = '销售' AND dh.OperTime >= '2019-09-01 00:00:00' AND dh.OperTime <= '2019-09-31 23:59:59' AND ifnull(dh.delete_Flag, '0') != '1' 
2019/12/06-09:31:48 DEBUG [http-nio-8080-exec-6] com.jsh.erp.datasource.mappers.DepotItemMapperEx.inOrOutPrice - ==> Parameters: 
2019/12/06-09:31:48 DEBUG [http-nio-8080-exec-6] com.jsh.erp.datasource.mappers.DepotItemMapperEx.inOrOutPrice - <==      Total: 1
2019/12/06-09:31:48 DEBUG [http-nio-8080-exec-6] com.jsh.erp.datasource.mappers.DepotItemMapperEx.inOrOutPrice - ==>  Preparing: SELECT ifnull(sum(DiscountLastMoney), 0) AS allMoney FROM jsh_depothead dh WHERE 1 = 1 AND dh.type = '入库' AND dh.subType = '销售退货' AND dh.OperTime >= '2019-09-01 00:00:00' AND dh.OperTime <= '2019-09-31 23:59:59' AND ifnull(dh.delete_Flag, '0') != '1' 
2019/12/06-09:31:48 DEBUG [http-nio-8080-exec-6] com.jsh.erp.datasource.mappers.DepotItemMapperEx.inOrOutPrice - ==> Parameters: 
2019/12/06-09:31:48 DEBUG [http-nio-8080-exec-6] com.jsh.erp.datasource.mappers.DepotItemMapperEx.inOrOutPrice - <==      Total: 1
2019/12/06-09:31:48 DEBUG [http-nio-8080-exec-6] com.jsh.erp.datasource.mappers.DepotItemMapperEx.inOrOutPrice - ==>  Preparing: SELECT ifnull(sum(DiscountLastMoney), 0) AS allMoney FROM jsh_depothead dh WHERE 1 = 1 AND dh.type = '出库' AND dh.subType = '销售' AND dh.OperTime >= '2019-10-01 00:00:00' AND dh.OperTime <= '2019-10-31 23:59:59' AND ifnull(dh.delete_Flag, '0') != '1' 
2019/12/06-09:31:48 DEBUG [http-nio-8080-exec-6] com.jsh.erp.datasource.mappers.DepotItemMapperEx.inOrOutPrice - ==> Parameters: 
2019/12/06-09:31:48 DEBUG [http-nio-8080-exec-6] com.jsh.erp.datasource.mappers.DepotItemMapperEx.inOrOutPrice - <==      Total: 1
2019/12/06-09:31:48 DEBUG [http-nio-8080-exec-6] com.jsh.erp.datasource.mappers.DepotItemMapperEx.inOrOutPrice - ==>  Preparing: SELECT ifnull(sum(DiscountLastMoney), 0) AS allMoney FROM jsh_depothead dh WHERE 1 = 1 AND dh.type = '入库' AND dh.subType = '销售退货' AND dh.OperTime >= '2019-10-01 00:00:00' AND dh.OperTime <= '2019-10-31 23:59:59' AND ifnull(dh.delete_Flag, '0') != '1' 
2019/12/06-09:31:48 DEBUG [http-nio-8080-exec-6] com.jsh.erp.datasource.mappers.DepotItemMapperEx.inOrOutPrice - ==> Parameters: 
2019/12/06-09:31:48 DEBUG [http-nio-8080-exec-6] com.jsh.erp.datasource.mappers.DepotItemMapperEx.inOrOutPrice - <==      Total: 1
2019/12/06-09:31:48 DEBUG [http-nio-8080-exec-6] com.jsh.erp.datasource.mappers.DepotItemMapperEx.inOrOutPrice - ==>  Preparing: SELECT ifnull(sum(DiscountLastMoney), 0) AS allMoney FROM jsh_depothead dh WHERE 1 = 1 AND dh.type = '出库' AND dh.subType = '销售' AND dh.OperTime >= '2019-11-01 00:00:00' AND dh.OperTime <= '2019-11-31 23:59:59' AND ifnull(dh.delete_Flag, '0') != '1' 
2019/12/06-09:31:48 DEBUG [http-nio-8080-exec-6] com.jsh.erp.datasource.mappers.DepotItemMapperEx.inOrOutPrice - ==> Parameters: 
2019/12/06-09:31:48 DEBUG [http-nio-8080-exec-6] com.jsh.erp.datasource.mappers.DepotItemMapperEx.inOrOutPrice - <==      Total: 1
2019/12/06-09:31:48 DEBUG [http-nio-8080-exec-6] com.jsh.erp.datasource.mappers.DepotItemMapperEx.inOrOutPrice - ==>  Preparing: SELECT ifnull(sum(DiscountLastMoney), 0) AS allMoney FROM jsh_depothead dh WHERE 1 = 1 AND dh.type = '入库' AND dh.subType = '销售退货' AND dh.OperTime >= '2019-11-01 00:00:00' AND dh.OperTime <= '2019-11-31 23:59:59' AND ifnull(dh.delete_Flag, '0') != '1' 
2019/12/06-09:31:48 DEBUG [http-nio-8080-exec-6] com.jsh.erp.datasource.mappers.DepotItemMapperEx.inOrOutPrice - ==> Parameters: 
2019/12/06-09:31:48 DEBUG [http-nio-8080-exec-6] com.jsh.erp.datasource.mappers.DepotItemMapperEx.inOrOutPrice - <==      Total: 1
2019/12/06-09:31:48 DEBUG [http-nio-8080-exec-6] com.jsh.erp.datasource.mappers.DepotItemMapperEx.inOrOutPrice - ==>  Preparing: SELECT ifnull(sum(DiscountLastMoney), 0) AS allMoney FROM jsh_depothead dh WHERE 1 = 1 AND dh.type = '出库' AND dh.subType = '销售' AND dh.OperTime >= '2019-12-01 00:00:00' AND dh.OperTime <= '2019-12-31 23:59:59' AND ifnull(dh.delete_Flag, '0') != '1' 
2019/12/06-09:31:48 DEBUG [http-nio-8080-exec-6] com.jsh.erp.datasource.mappers.DepotItemMapperEx.inOrOutPrice - ==> Parameters: 
2019/12/06-09:31:48 DEBUG [http-nio-8080-exec-6] com.jsh.erp.datasource.mappers.DepotItemMapperEx.inOrOutPrice - <==      Total: 1
2019/12/06-09:31:48 DEBUG [http-nio-8080-exec-6] com.jsh.erp.datasource.mappers.DepotItemMapperEx.inOrOutPrice - ==>  Preparing: SELECT ifnull(sum(DiscountLastMoney), 0) AS allMoney FROM jsh_depothead dh WHERE 1 = 1 AND dh.type = '入库' AND dh.subType = '销售退货' AND dh.OperTime >= '2019-12-01 00:00:00' AND dh.OperTime <= '2019-12-31 23:59:59' AND ifnull(dh.delete_Flag, '0') != '1' 
2019/12/06-09:31:48 DEBUG [http-nio-8080-exec-6] com.jsh.erp.datasource.mappers.DepotItemMapperEx.inOrOutPrice - ==> Parameters: 
2019/12/06-09:31:48 DEBUG [http-nio-8080-exec-6] com.jsh.erp.datasource.mappers.DepotItemMapperEx.inOrOutPrice - <==      Total: 1
2019/12/06-09:31:52 DEBUG [http-nio-8080-exec-4] com.jsh.erp.datasource.mappers.UserBusinessMapper.selectByExample - ==>  Preparing: SELECT Id, Type, KeyId, Value, BtnStr, delete_Flag FROM jsh_userbusiness WHERE (KeyId = ? AND Type = ? AND delete_Flag <> ?) 
2019/12/06-09:31:52 DEBUG [http-nio-8080-exec-4] com.jsh.erp.datasource.mappers.UserBusinessMapper.selectByExample - ==> Parameters: 120(String), UserDepot(String), 1(String)
2019/12/06-09:31:52 DEBUG [http-nio-8080-exec-4] com.jsh.erp.datasource.mappers.UserBusinessMapper.selectByExample - <==      Total: 1
2019/12/06-09:31:52 DEBUG [http-nio-8080-exec-3] com.jsh.erp.datasource.mappers.DepotMapper.selectByExample - ==>  Preparing: SELECT id, name, address, warehousing, truckage, type, sort, remark, principal, tenant_id, delete_Flag, is_default FROM jsh_depot WHERE (delete_Flag <> ?) ORDER BY sort 
2019/12/06-09:31:52 DEBUG [http-nio-8080-exec-3] com.jsh.erp.datasource.mappers.DepotMapper.selectByExample - ==> Parameters: 1(String)
2019/12/06-09:31:52 DEBUG [http-nio-8080-exec-3] com.jsh.erp.datasource.mappers.DepotMapper.selectByExample - <==      Total: 15
2019/12/06-09:31:52 DEBUG [http-nio-8080-exec-8] com.jsh.erp.datasource.mappers.SystemConfigMapperEx.selectByConditionSystemConfig - ==>  Preparing: SELECT * FROM jsh_systemconfig WHERE 1 = 1 AND company_name LIKE '%%' AND ifnull(delete_Flag, '0') != '1' LIMIT ?, ? 
2019/12/06-09:31:52 DEBUG [http-nio-8080-exec-8] com.jsh.erp.datasource.mappers.SystemConfigMapperEx.selectByConditionSystemConfig - ==> Parameters: 0(Integer), 100(Integer)
2019/12/06-09:31:52 DEBUG [http-nio-8080-exec-8] com.jsh.erp.datasource.mappers.SystemConfigMapperEx.selectByConditionSystemConfig - <==      Total: 2
2019/12/06-09:31:52 DEBUG [http-nio-8080-exec-8] com.jsh.erp.datasource.mappers.SystemConfigMapperEx.countsBySystemConfig - ==>  Preparing: SELECT COUNT(id) FROM jsh_systemconfig WHERE 1 = 1 AND company_name LIKE '%%' AND ifnull(delete_Flag, '0') != '1' 
2019/12/06-09:31:52 DEBUG [http-nio-8080-exec-8] com.jsh.erp.datasource.mappers.SystemConfigMapperEx.countsBySystemConfig - ==> Parameters: 
2019/12/06-09:31:52 DEBUG [http-nio-8080-exec-8] com.jsh.erp.datasource.mappers.SystemConfigMapperEx.countsBySystemConfig - <==      Total: 1
2019/12/06-09:31:52 DEBUG [http-nio-8080-exec-10] com.jsh.erp.datasource.mappers.SystemConfigMapperEx.selectByConditionSystemConfig - ==>  Preparing: SELECT * FROM jsh_systemconfig WHERE 1 = 1 AND company_name LIKE '%%' AND ifnull(delete_Flag, '0') != '1' LIMIT ?, ? 
2019/12/06-09:31:52 DEBUG [http-nio-8080-exec-10] com.jsh.erp.datasource.mappers.SystemConfigMapperEx.selectByConditionSystemConfig - ==> Parameters: 0(Integer), 100(Integer)
2019/12/06-09:31:52 DEBUG [http-nio-8080-exec-10] com.jsh.erp.datasource.mappers.SystemConfigMapperEx.selectByConditionSystemConfig - <==      Total: 2
2019/12/06-09:31:52 DEBUG [http-nio-8080-exec-10] com.jsh.erp.datasource.mappers.SystemConfigMapperEx.countsBySystemConfig - ==>  Preparing: SELECT COUNT(id) FROM jsh_systemconfig WHERE 1 = 1 AND company_name LIKE '%%' AND ifnull(delete_Flag, '0') != '1' 
2019/12/06-09:31:52 DEBUG [http-nio-8080-exec-10] com.jsh.erp.datasource.mappers.SystemConfigMapperEx.countsBySystemConfig - ==> Parameters: 
2019/12/06-09:31:52 DEBUG [http-nio-8080-exec-10] com.jsh.erp.datasource.mappers.SystemConfigMapperEx.countsBySystemConfig - <==      Total: 1
2019/12/06-09:31:52 DEBUG [http-nio-8080-exec-9] com.jsh.erp.datasource.mappers.SystemConfigMapperEx.selectByConditionSystemConfig - ==>  Preparing: SELECT * FROM jsh_systemconfig WHERE 1 = 1 AND company_name LIKE '%%' AND ifnull(delete_Flag, '0') != '1' LIMIT ?, ? 
2019/12/06-09:31:52 DEBUG [http-nio-8080-exec-9] com.jsh.erp.datasource.mappers.SystemConfigMapperEx.selectByConditionSystemConfig - ==> Parameters: 0(Integer), 100(Integer)
2019/12/06-09:31:52 DEBUG [http-nio-8080-exec-9] com.jsh.erp.datasource.mappers.SystemConfigMapperEx.selectByConditionSystemConfig - <==      Total: 2
2019/12/06-09:31:52 DEBUG [http-nio-8080-exec-9] com.jsh.erp.datasource.mappers.SystemConfigMapperEx.countsBySystemConfig - ==>  Preparing: SELECT COUNT(id) FROM jsh_systemconfig WHERE 1 = 1 AND company_name LIKE '%%' AND ifnull(delete_Flag, '0') != '1' 
2019/12/06-09:31:52 DEBUG [http-nio-8080-exec-9] com.jsh.erp.datasource.mappers.SystemConfigMapperEx.countsBySystemConfig - ==> Parameters: 
2019/12/06-09:31:52 DEBUG [http-nio-8080-exec-9] com.jsh.erp.datasource.mappers.SystemConfigMapperEx.countsBySystemConfig - <==      Total: 1
2019/12/06-09:31:52 DEBUG [http-nio-8080-exec-2] com.jsh.erp.datasource.mappers.SystemConfigMapperEx.selectByConditionSystemConfig - ==>  Preparing: SELECT * FROM jsh_systemconfig WHERE 1 = 1 AND company_name LIKE '%%' AND ifnull(delete_Flag, '0') != '1' LIMIT ?, ? 
2019/12/06-09:31:52 DEBUG [http-nio-8080-exec-2] com.jsh.erp.datasource.mappers.SystemConfigMapperEx.selectByConditionSystemConfig - ==> Parameters: 0(Integer), 100(Integer)
2019/12/06-09:31:52 DEBUG [http-nio-8080-exec-2] com.jsh.erp.datasource.mappers.SystemConfigMapperEx.selectByConditionSystemConfig - <==      Total: 2
2019/12/06-09:31:52 DEBUG [http-nio-8080-exec-2] com.jsh.erp.datasource.mappers.SystemConfigMapperEx.countsBySystemConfig - ==>  Preparing: SELECT COUNT(id) FROM jsh_systemconfig WHERE 1 = 1 AND company_name LIKE '%%' AND ifnull(delete_Flag, '0') != '1' 
2019/12/06-09:31:52 DEBUG [http-nio-8080-exec-2] com.jsh.erp.datasource.mappers.SystemConfigMapperEx.countsBySystemConfig - ==> Parameters: 
2019/12/06-09:31:52 DEBUG [http-nio-8080-exec-2] com.jsh.erp.datasource.mappers.SystemConfigMapperEx.countsBySystemConfig - <==      Total: 1
2019/12/06-09:31:52 DEBUG [http-nio-8080-exec-7] com.jsh.erp.datasource.mappers.SystemConfigMapperEx.selectByConditionSystemConfig - ==>  Preparing: SELECT * FROM jsh_systemconfig WHERE 1 = 1 AND company_name LIKE '%%' AND ifnull(delete_Flag, '0') != '1' LIMIT ?, ? 
2019/12/06-09:31:52 DEBUG [http-nio-8080-exec-7] com.jsh.erp.datasource.mappers.SystemConfigMapperEx.selectByConditionSystemConfig - ==> Parameters: 0(Integer), 100(Integer)
2019/12/06-09:31:52 DEBUG [http-nio-8080-exec-7] com.jsh.erp.datasource.mappers.SystemConfigMapperEx.selectByConditionSystemConfig - <==      Total: 2
2019/12/06-09:31:52 DEBUG [http-nio-8080-exec-7] com.jsh.erp.datasource.mappers.SystemConfigMapperEx.countsBySystemConfig - ==>  Preparing: SELECT COUNT(id) FROM jsh_systemconfig WHERE 1 = 1 AND company_name LIKE '%%' AND ifnull(delete_Flag, '0') != '1' 
2019/12/06-09:31:52 DEBUG [http-nio-8080-exec-7] com.jsh.erp.datasource.mappers.SystemConfigMapperEx.countsBySystemConfig - ==> Parameters: 
2019/12/06-09:31:52 DEBUG [http-nio-8080-exec-7] com.jsh.erp.datasource.mappers.SystemConfigMapperEx.countsBySystemConfig - <==      Total: 1
2019/12/06-09:31:52 DEBUG [http-nio-8080-exec-5] com.jsh.erp.datasource.mappers.SystemConfigMapperEx.selectByConditionSystemConfig - ==>  Preparing: SELECT * FROM jsh_systemconfig WHERE 1 = 1 AND company_name LIKE '%%' AND ifnull(delete_Flag, '0') != '1' LIMIT ?, ? 
2019/12/06-09:31:52 DEBUG [http-nio-8080-exec-5] com.jsh.erp.datasource.mappers.SystemConfigMapperEx.selectByConditionSystemConfig - ==> Parameters: 0(Integer), 100(Integer)
2019/12/06-09:31:52 DEBUG [http-nio-8080-exec-5] com.jsh.erp.datasource.mappers.SystemConfigMapperEx.selectByConditionSystemConfig - <==      Total: 2
2019/12/06-09:31:52 DEBUG [http-nio-8080-exec-5] com.jsh.erp.datasource.mappers.SystemConfigMapperEx.countsBySystemConfig - ==>  Preparing: SELECT COUNT(id) FROM jsh_systemconfig WHERE 1 = 1 AND company_name LIKE '%%' AND ifnull(delete_Flag, '0') != '1' 
2019/12/06-09:31:52 DEBUG [http-nio-8080-exec-5] com.jsh.erp.datasource.mappers.SystemConfigMapperEx.countsBySystemConfig - ==> Parameters: 
2019/12/06-09:31:52 DEBUG [http-nio-8080-exec-5] com.jsh.erp.datasource.mappers.SystemConfigMapperEx.countsBySystemConfig - <==      Total: 1
2019/12/06-09:31:52 DEBUG [http-nio-8080-exec-6] com.jsh.erp.datasource.mappers.SystemConfigMapperEx.selectByConditionSystemConfig - ==>  Preparing: SELECT * FROM jsh_systemconfig WHERE 1 = 1 AND company_name LIKE '%%' AND ifnull(delete_Flag, '0') != '1' LIMIT ?, ? 
2019/12/06-09:31:52 DEBUG [http-nio-8080-exec-6] com.jsh.erp.datasource.mappers.SystemConfigMapperEx.selectByConditionSystemConfig - ==> Parameters: 0(Integer), 100(Integer)
2019/12/06-09:31:52 DEBUG [http-nio-8080-exec-6] com.jsh.erp.datasource.mappers.SystemConfigMapperEx.selectByConditionSystemConfig - <==      Total: 2
2019/12/06-09:31:52 DEBUG [http-nio-8080-exec-6] com.jsh.erp.datasource.mappers.SystemConfigMapperEx.countsBySystemConfig - ==>  Preparing: SELECT COUNT(id) FROM jsh_systemconfig WHERE 1 = 1 AND company_name LIKE '%%' AND ifnull(delete_Flag, '0') != '1' 
2019/12/06-09:31:52 DEBUG [http-nio-8080-exec-6] com.jsh.erp.datasource.mappers.SystemConfigMapperEx.countsBySystemConfig - ==> Parameters: 
2019/12/06-09:31:52 DEBUG [http-nio-8080-exec-6] com.jsh.erp.datasource.mappers.SystemConfigMapperEx.countsBySystemConfig - <==      Total: 1
2019/12/06-09:31:52 DEBUG [http-nio-8080-exec-4] com.jsh.erp.datasource.mappers.SystemConfigMapperEx.selectByConditionSystemConfig - ==>  Preparing: SELECT * FROM jsh_systemconfig WHERE 1 = 1 AND company_name LIKE '%%' AND ifnull(delete_Flag, '0') != '1' LIMIT ?, ? 
2019/12/06-09:31:52 DEBUG [http-nio-8080-exec-4] com.jsh.erp.datasource.mappers.SystemConfigMapperEx.selectByConditionSystemConfig - ==> Parameters: 0(Integer), 100(Integer)
2019/12/06-09:31:52 DEBUG [http-nio-8080-exec-4] com.jsh.erp.datasource.mappers.SystemConfigMapperEx.selectByConditionSystemConfig - <==      Total: 2
2019/12/06-09:31:52 DEBUG [http-nio-8080-exec-4] com.jsh.erp.datasource.mappers.SystemConfigMapperEx.countsBySystemConfig - ==>  Preparing: SELECT COUNT(id) FROM jsh_systemconfig WHERE 1 = 1 AND company_name LIKE '%%' AND ifnull(delete_Flag, '0') != '1' 
2019/12/06-09:31:52 DEBUG [http-nio-8080-exec-4] com.jsh.erp.datasource.mappers.SystemConfigMapperEx.countsBySystemConfig - ==> Parameters: 
2019/12/06-09:31:52 DEBUG [http-nio-8080-exec-4] com.jsh.erp.datasource.mappers.SystemConfigMapperEx.countsBySystemConfig - <==      Total: 1
2019/12/06-09:31:52 DEBUG [http-nio-8080-exec-1] com.jsh.erp.datasource.mappers.SystemConfigMapperEx.selectByConditionSystemConfig - ==>  Preparing: SELECT * FROM jsh_systemconfig WHERE 1 = 1 AND company_name LIKE '%%' AND ifnull(delete_Flag, '0') != '1' LIMIT ?, ? 
2019/12/06-09:31:52 DEBUG [http-nio-8080-exec-1] com.jsh.erp.datasource.mappers.SystemConfigMapperEx.selectByConditionSystemConfig - ==> Parameters: 0(Integer), 100(Integer)
2019/12/06-09:31:52 DEBUG [http-nio-8080-exec-1] com.jsh.erp.datasource.mappers.SystemConfigMapperEx.selectByConditionSystemConfig - <==      Total: 2
2019/12/06-09:31:52 DEBUG [http-nio-8080-exec-1] com.jsh.erp.datasource.mappers.SystemConfigMapperEx.countsBySystemConfig - ==>  Preparing: SELECT COUNT(id) FROM jsh_systemconfig WHERE 1 = 1 AND company_name LIKE '%%' AND ifnull(delete_Flag, '0') != '1' 
2019/12/06-09:31:52 DEBUG [http-nio-8080-exec-1] com.jsh.erp.datasource.mappers.SystemConfigMapperEx.countsBySystemConfig - ==> Parameters: 
2019/12/06-09:31:52 DEBUG [http-nio-8080-exec-1] com.jsh.erp.datasource.mappers.SystemConfigMapperEx.countsBySystemConfig - <==      Total: 1
2019/12/06-09:31:52 DEBUG [http-nio-8080-exec-3] com.jsh.erp.datasource.mappers.SystemConfigMapperEx.selectByConditionSystemConfig - ==>  Preparing: SELECT * FROM jsh_systemconfig WHERE 1 = 1 AND company_name LIKE '%%' AND ifnull(delete_Flag, '0') != '1' LIMIT ?, ? 
2019/12/06-09:31:52 DEBUG [http-nio-8080-exec-3] com.jsh.erp.datasource.mappers.SystemConfigMapperEx.selectByConditionSystemConfig - ==> Parameters: 0(Integer), 100(Integer)
2019/12/06-09:31:52 DEBUG [http-nio-8080-exec-3] com.jsh.erp.datasource.mappers.SystemConfigMapperEx.selectByConditionSystemConfig - <==      Total: 2
2019/12/06-09:31:52 DEBUG [http-nio-8080-exec-3] com.jsh.erp.datasource.mappers.SystemConfigMapperEx.countsBySystemConfig - ==>  Preparing: SELECT COUNT(id) FROM jsh_systemconfig WHERE 1 = 1 AND company_name LIKE '%%' AND ifnull(delete_Flag, '0') != '1' 
2019/12/06-09:31:52 DEBUG [http-nio-8080-exec-3] com.jsh.erp.datasource.mappers.SystemConfigMapperEx.countsBySystemConfig - ==> Parameters: 
2019/12/06-09:31:52 DEBUG [http-nio-8080-exec-3] com.jsh.erp.datasource.mappers.SystemConfigMapperEx.countsBySystemConfig - <==      Total: 1
2019/12/06-09:31:52 DEBUG [http-nio-8080-exec-8] com.jsh.erp.datasource.mappers.SystemConfigMapperEx.selectByConditionSystemConfig - ==>  Preparing: SELECT * FROM jsh_systemconfig WHERE 1 = 1 AND company_name LIKE '%%' AND ifnull(delete_Flag, '0') != '1' LIMIT ?, ? 
2019/12/06-09:31:52 DEBUG [http-nio-8080-exec-8] com.jsh.erp.datasource.mappers.SystemConfigMapperEx.selectByConditionSystemConfig - ==> Parameters: 0(Integer), 100(Integer)
2019/12/06-09:31:52 DEBUG [http-nio-8080-exec-8] com.jsh.erp.datasource.mappers.SystemConfigMapperEx.selectByConditionSystemConfig - <==      Total: 2
2019/12/06-09:31:52 DEBUG [http-nio-8080-exec-8] com.jsh.erp.datasource.mappers.SystemConfigMapperEx.countsBySystemConfig - ==>  Preparing: SELECT COUNT(id) FROM jsh_systemconfig WHERE 1 = 1 AND company_name LIKE '%%' AND ifnull(delete_Flag, '0') != '1' 
2019/12/06-09:31:52 DEBUG [http-nio-8080-exec-8] com.jsh.erp.datasource.mappers.SystemConfigMapperEx.countsBySystemConfig - ==> Parameters: 
2019/12/06-09:31:52 DEBUG [http-nio-8080-exec-8] com.jsh.erp.datasource.mappers.SystemConfigMapperEx.countsBySystemConfig - <==      Total: 1
2019/12/06-09:31:52 DEBUG [http-nio-8080-exec-10] com.jsh.erp.datasource.mappers.SystemConfigMapperEx.selectByConditionSystemConfig - ==>  Preparing: SELECT * FROM jsh_systemconfig WHERE 1 = 1 AND company_name LIKE '%%' AND ifnull(delete_Flag, '0') != '1' LIMIT ?, ? 
2019/12/06-09:31:52 DEBUG [http-nio-8080-exec-10] com.jsh.erp.datasource.mappers.SystemConfigMapperEx.selectByConditionSystemConfig - ==> Parameters: 0(Integer), 100(Integer)
2019/12/06-09:31:52 DEBUG [http-nio-8080-exec-10] com.jsh.erp.datasource.mappers.SystemConfigMapperEx.selectByConditionSystemConfig - <==      Total: 2
2019/12/06-09:31:52 DEBUG [http-nio-8080-exec-10] com.jsh.erp.datasource.mappers.SystemConfigMapperEx.countsBySystemConfig - ==>  Preparing: SELECT COUNT(id) FROM jsh_systemconfig WHERE 1 = 1 AND company_name LIKE '%%' AND ifnull(delete_Flag, '0') != '1' 
2019/12/06-09:31:52 DEBUG [http-nio-8080-exec-10] com.jsh.erp.datasource.mappers.SystemConfigMapperEx.countsBySystemConfig - ==> Parameters: 
2019/12/06-09:31:52 DEBUG [http-nio-8080-exec-10] com.jsh.erp.datasource.mappers.SystemConfigMapperEx.countsBySystemConfig - <==      Total: 1
2019/12/06-09:31:52 DEBUG [http-nio-8080-exec-9] com.jsh.erp.datasource.mappers.SystemConfigMapperEx.selectByConditionSystemConfig - ==>  Preparing: SELECT * FROM jsh_systemconfig WHERE 1 = 1 AND company_name LIKE '%%' AND ifnull(delete_Flag, '0') != '1' LIMIT ?, ? 
2019/12/06-09:31:52 DEBUG [http-nio-8080-exec-9] com.jsh.erp.datasource.mappers.SystemConfigMapperEx.selectByConditionSystemConfig - ==> Parameters: 0(Integer), 100(Integer)
2019/12/06-09:31:52 DEBUG [http-nio-8080-exec-9] com.jsh.erp.datasource.mappers.SystemConfigMapperEx.selectByConditionSystemConfig - <==      Total: 2
2019/12/06-09:31:52 DEBUG [http-nio-8080-exec-9] com.jsh.erp.datasource.mappers.SystemConfigMapperEx.countsBySystemConfig - ==>  Preparing: SELECT COUNT(id) FROM jsh_systemconfig WHERE 1 = 1 AND company_name LIKE '%%' AND ifnull(delete_Flag, '0') != '1' 
2019/12/06-09:31:52 DEBUG [http-nio-8080-exec-9] com.jsh.erp.datasource.mappers.SystemConfigMapperEx.countsBySystemConfig - ==> Parameters: 
2019/12/06-09:31:52 DEBUG [http-nio-8080-exec-9] com.jsh.erp.datasource.mappers.SystemConfigMapperEx.countsBySystemConfig - <==      Total: 1
2019/12/06-09:31:52 DEBUG [http-nio-8080-exec-2] com.jsh.erp.datasource.mappers.SystemConfigMapperEx.selectByConditionSystemConfig - ==>  Preparing: SELECT * FROM jsh_systemconfig WHERE 1 = 1 AND company_name LIKE '%%' AND ifnull(delete_Flag, '0') != '1' LIMIT ?, ? 
2019/12/06-09:31:52 DEBUG [http-nio-8080-exec-2] com.jsh.erp.datasource.mappers.SystemConfigMapperEx.selectByConditionSystemConfig - ==> Parameters: 0(Integer), 100(Integer)
2019/12/06-09:31:52 DEBUG [http-nio-8080-exec-2] com.jsh.erp.datasource.mappers.SystemConfigMapperEx.selectByConditionSystemConfig - <==      Total: 2
2019/12/06-09:31:52 DEBUG [http-nio-8080-exec-2] com.jsh.erp.datasource.mappers.SystemConfigMapperEx.countsBySystemConfig - ==>  Preparing: SELECT COUNT(id) FROM jsh_systemconfig WHERE 1 = 1 AND company_name LIKE '%%' AND ifnull(delete_Flag, '0') != '1' 
2019/12/06-09:31:52 DEBUG [http-nio-8080-exec-2] com.jsh.erp.datasource.mappers.SystemConfigMapperEx.countsBySystemConfig - ==> Parameters: 
2019/12/06-09:31:52 DEBUG [http-nio-8080-exec-2] com.jsh.erp.datasource.mappers.SystemConfigMapperEx.countsBySystemConfig - <==      Total: 1
2019/12/06-09:31:52 DEBUG [http-nio-8080-exec-7] com.jsh.erp.datasource.mappers.SystemConfigMapperEx.selectByConditionSystemConfig - ==>  Preparing: SELECT * FROM jsh_systemconfig WHERE 1 = 1 AND company_name LIKE '%%' AND ifnull(delete_Flag, '0') != '1' LIMIT ?, ? 
2019/12/06-09:31:52 DEBUG [http-nio-8080-exec-7] com.jsh.erp.datasource.mappers.SystemConfigMapperEx.selectByConditionSystemConfig - ==> Parameters: 0(Integer), 100(Integer)
2019/12/06-09:31:52 DEBUG [http-nio-8080-exec-7] com.jsh.erp.datasource.mappers.SystemConfigMapperEx.selectByConditionSystemConfig - <==      Total: 2
2019/12/06-09:31:52 DEBUG [http-nio-8080-exec-7] com.jsh.erp.datasource.mappers.SystemConfigMapperEx.countsBySystemConfig - ==>  Preparing: SELECT COUNT(id) FROM jsh_systemconfig WHERE 1 = 1 AND company_name LIKE '%%' AND ifnull(delete_Flag, '0') != '1' 
2019/12/06-09:31:52 DEBUG [http-nio-8080-exec-7] com.jsh.erp.datasource.mappers.SystemConfigMapperEx.countsBySystemConfig - ==> Parameters: 
2019/12/06-09:31:52 DEBUG [http-nio-8080-exec-7] com.jsh.erp.datasource.mappers.SystemConfigMapperEx.countsBySystemConfig - <==      Total: 1
2019/12/06-09:31:52 DEBUG [http-nio-8080-exec-5] com.jsh.erp.datasource.mappers.AccountMapper.selectByExample - ==>  Preparing: SELECT Id, Name, SerialNo, InitialAmount, CurrentAmount, Remark, IsDefault, tenant_id, delete_Flag FROM jsh_account WHERE (delete_Flag <> ?) 
2019/12/06-09:31:52 DEBUG [http-nio-8080-exec-5] com.jsh.erp.datasource.mappers.AccountMapper.selectByExample - ==> Parameters: 1(String)
2019/12/06-09:31:52 DEBUG [http-nio-8080-exec-5] com.jsh.erp.datasource.mappers.AccountMapper.selectByExample - <==      Total: 11
2019/12/06-09:31:52 DEBUG [http-nio-8080-exec-6] com.jsh.erp.datasource.mappers.SupplierMapper.selectByExample - ==>  Preparing: SELECT id, supplier, contacts, phonenum, email, description, isystem, type, enabled, AdvanceIn, BeginNeedGet, BeginNeedPay, AllNeedGet, AllNeedPay, fax, telephone, address, taxNum, bankName, accountNumber, taxRate, tenant_id, delete_Flag FROM jsh_supplier WHERE (type LIKE ? AND enabled = ? AND delete_Flag <> ?) ORDER BY id DESC 
2019/12/06-09:31:52 DEBUG [http-nio-8080-exec-4] com.jsh.erp.datasource.mappers.InOutItemMapper.selectByExample - ==>  Preparing: SELECT Id, Name, Type, Remark, tenant_id, delete_Flag FROM jsh_inoutitem WHERE (Type = ? AND delete_Flag <> ?) ORDER BY id DESC 
2019/12/06-09:31:52 DEBUG [http-nio-8080-exec-4] com.jsh.erp.datasource.mappers.InOutItemMapper.selectByExample - ==> Parameters: 支出(String), 1(String)
2019/12/06-09:31:52 DEBUG [http-nio-8080-exec-6] com.jsh.erp.datasource.mappers.SupplierMapper.selectByExample - ==> Parameters: 会员(String), true(Boolean), 1(String)
2019/12/06-09:31:52 DEBUG [http-nio-8080-exec-6] com.jsh.erp.datasource.mappers.SupplierMapper.selectByExample - <==      Total: 8
2019/12/06-09:31:52 DEBUG [http-nio-8080-exec-4] com.jsh.erp.datasource.mappers.InOutItemMapper.selectByExample - <==      Total: 8
2019/12/06-09:31:52 DEBUG [http-nio-8080-exec-1] com.jsh.erp.datasource.mappers.MaterialPropertyMapperEx.selectByConditionMaterialProperty - ==>  Preparing: SELECT * FROM jsh_materialproperty WHERE 1 = 1 AND ifnull(delete_Flag, '0') != '1' LIMIT ?, ? 
2019/12/06-09:31:52 DEBUG [http-nio-8080-exec-1] com.jsh.erp.datasource.mappers.MaterialPropertyMapperEx.selectByConditionMaterialProperty - ==> Parameters: 0(Integer), 100(Integer)
2019/12/06-09:31:52 DEBUG [http-nio-8080-exec-1] com.jsh.erp.datasource.mappers.MaterialPropertyMapperEx.selectByConditionMaterialProperty - <==      Total: 6
2019/12/06-09:31:52 DEBUG [http-nio-8080-exec-1] com.jsh.erp.datasource.mappers.MaterialPropertyMapperEx.countsByMaterialProperty - ==>  Preparing: SELECT COUNT(id) FROM jsh_materialproperty WHERE 1 = 1 AND ifnull(delete_Flag, '0') != '1' 
2019/12/06-09:31:52 DEBUG [http-nio-8080-exec-1] com.jsh.erp.datasource.mappers.MaterialPropertyMapperEx.countsByMaterialProperty - ==> Parameters: 
2019/12/06-09:31:52 DEBUG [http-nio-8080-exec-1] com.jsh.erp.datasource.mappers.MaterialPropertyMapperEx.countsByMaterialProperty - <==      Total: 1
2019/12/06-09:31:53 DEBUG [http-nio-8080-exec-8] com.jsh.erp.datasource.mappers.DepotHeadMapperEx.selectByConditionDepotHead - ==>  Preparing: SELECT DISTINCT dh.*, d.name ProjectName, s.supplier OrganName, p.name HandsPersonName, a.name AccountName, dd.name AllocationProjectName FROM jsh_depothead dh LEFT JOIN jsh_depot d ON dh.ProjectId = d.id AND ifnull(d.delete_Flag, '0') != '1' LEFT JOIN jsh_supplier s ON dh.OrganId = s.id AND ifnull(s.delete_Flag, '0') != '1' LEFT JOIN jsh_person p ON dh.HandsPersonId = p.id AND ifnull(p.delete_Flag, '0') != '1' LEFT JOIN jsh_account a ON dh.AccountId = a.id AND ifnull(a.delete_Flag, '0') != '1' LEFT JOIN jsh_depot dd ON dh.AllocationProjectId = dd.id AND ifnull(dd.delete_Flag, '0') != '1' LEFT JOIN jsh_depotitem di ON dh.Id = di.HeaderId AND ifnull(di.delete_Flag, '0') != '1' LEFT JOIN jsh_material m ON di.MaterialId = m.Id AND ifnull(m.delete_Flag, '0') != '1' WHERE 1 = 1 AND dh.Type = '出库' AND dh.SubType = '零售' AND di.DepotId IN (15, 14, 13, 12, 11, 10, 9, 8, 7, 4, 4, 2, 6, 6, 1, 5, 5, 3) AND ifnull(dh.delete_Flag, '0') != '1' ORDER BY dh.Id DESC LIMIT ?, ? 
2019/12/06-09:31:53 DEBUG [http-nio-8080-exec-8] com.jsh.erp.datasource.mappers.DepotHeadMapperEx.selectByConditionDepotHead - ==> Parameters: 0(Integer), 15(Integer)
2019/12/06-09:31:53 DEBUG [http-nio-8080-exec-8] com.jsh.erp.datasource.mappers.DepotHeadMapperEx.selectByConditionDepotHead - <==      Total: 13
2019/12/06-09:31:53 DEBUG [http-nio-8080-exec-8] com.jsh.erp.datasource.mappers.DepotHeadMapperEx.findMaterialsListByHeaderId - ==>  Preparing: SELECT GROUP_CONCAT(concat(jsh_material.`Name`, ' ', jsh_material.Model)) AS mName FROM jsh_depotitem INNER JOIN jsh_material ON jsh_depotitem.MaterialId = jsh_material.Id AND ifnull(jsh_material.delete_Flag, '0') != '1' WHERE jsh_depotitem.HeaderId = 171 AND ifnull(jsh_depotitem.delete_Flag, '0') != '1' 
2019/12/06-09:31:53 DEBUG [http-nio-8080-exec-8] com.jsh.erp.datasource.mappers.DepotHeadMapperEx.findMaterialsListByHeaderId - ==> Parameters: 
2019/12/06-09:31:53 DEBUG [http-nio-8080-exec-8] com.jsh.erp.datasource.mappers.DepotHeadMapperEx.findMaterialsListByHeaderId - <==      Total: 1
2019/12/06-09:31:53 DEBUG [http-nio-8080-exec-8] com.jsh.erp.datasource.mappers.DepotHeadMapperEx.findMaterialsListByHeaderId - ==>  Preparing: SELECT GROUP_CONCAT(concat(jsh_material.`Name`, ' ', jsh_material.Model)) AS mName FROM jsh_depotitem INNER JOIN jsh_material ON jsh_depotitem.MaterialId = jsh_material.Id AND ifnull(jsh_material.delete_Flag, '0') != '1' WHERE jsh_depotitem.HeaderId = 164 AND ifnull(jsh_depotitem.delete_Flag, '0') != '1' 
2019/12/06-09:31:53 DEBUG [http-nio-8080-exec-8] com.jsh.erp.datasource.mappers.DepotHeadMapperEx.findMaterialsListByHeaderId - ==> Parameters: 
2019/12/06-09:31:53 DEBUG [http-nio-8080-exec-8] com.jsh.erp.datasource.mappers.DepotHeadMapperEx.findMaterialsListByHeaderId - <==      Total: 1
2019/12/06-09:31:53 DEBUG [http-nio-8080-exec-8] com.jsh.erp.datasource.mappers.DepotHeadMapperEx.findMaterialsListByHeaderId - ==>  Preparing: SELECT GROUP_CONCAT(concat(jsh_material.`Name`, ' ', jsh_material.Model)) AS mName FROM jsh_depotitem INNER JOIN jsh_material ON jsh_depotitem.MaterialId = jsh_material.Id AND ifnull(jsh_material.delete_Flag, '0') != '1' WHERE jsh_depotitem.HeaderId = 102 AND ifnull(jsh_depotitem.delete_Flag, '0') != '1' 
2019/12/06-09:31:53 DEBUG [http-nio-8080-exec-8] com.jsh.erp.datasource.mappers.DepotHeadMapperEx.findMaterialsListByHeaderId - ==> Parameters: 
2019/12/06-09:31:53 DEBUG [http-nio-8080-exec-8] com.jsh.erp.datasource.mappers.DepotHeadMapperEx.findMaterialsListByHeaderId - <==      Total: 1
2019/12/06-09:31:53 DEBUG [http-nio-8080-exec-8] com.jsh.erp.datasource.mappers.DepotHeadMapperEx.findMaterialsListByHeaderId - ==>  Preparing: SELECT GROUP_CONCAT(concat(jsh_material.`Name`, ' ', jsh_material.Model)) AS mName FROM jsh_depotitem INNER JOIN jsh_material ON jsh_depotitem.MaterialId = jsh_material.Id AND ifnull(jsh_material.delete_Flag, '0') != '1' WHERE jsh_depotitem.HeaderId = 90 AND ifnull(jsh_depotitem.delete_Flag, '0') != '1' 
2019/12/06-09:31:53 DEBUG [http-nio-8080-exec-8] com.jsh.erp.datasource.mappers.DepotHeadMapperEx.findMaterialsListByHeaderId - ==> Parameters: 
2019/12/06-09:31:53 DEBUG [http-nio-8080-exec-8] com.jsh.erp.datasource.mappers.DepotHeadMapperEx.findMaterialsListByHeaderId - <==      Total: 1
2019/12/06-09:31:53 DEBUG [http-nio-8080-exec-8] com.jsh.erp.datasource.mappers.DepotHeadMapperEx.findMaterialsListByHeaderId - ==>  Preparing: SELECT GROUP_CONCAT(concat(jsh_material.`Name`, ' ', jsh_material.Model)) AS mName FROM jsh_depotitem INNER JOIN jsh_material ON jsh_depotitem.MaterialId = jsh_material.Id AND ifnull(jsh_material.delete_Flag, '0') != '1' WHERE jsh_depotitem.HeaderId = 77 AND ifnull(jsh_depotitem.delete_Flag, '0') != '1' 
2019/12/06-09:31:53 DEBUG [http-nio-8080-exec-8] com.jsh.erp.datasource.mappers.DepotHeadMapperEx.findMaterialsListByHeaderId - ==> Parameters: 
2019/12/06-09:31:53 DEBUG [http-nio-8080-exec-8] com.jsh.erp.datasource.mappers.DepotHeadMapperEx.findMaterialsListByHeaderId - <==      Total: 1
2019/12/06-09:31:53 DEBUG [http-nio-8080-exec-8] com.jsh.erp.datasource.mappers.DepotHeadMapperEx.findMaterialsListByHeaderId - ==>  Preparing: SELECT GROUP_CONCAT(concat(jsh_material.`Name`, ' ', jsh_material.Model)) AS mName FROM jsh_depotitem INNER JOIN jsh_material ON jsh_depotitem.MaterialId = jsh_material.Id AND ifnull(jsh_material.delete_Flag, '0') != '1' WHERE jsh_depotitem.HeaderId = 53 AND ifnull(jsh_depotitem.delete_Flag, '0') != '1' 
2019/12/06-09:31:53 DEBUG [http-nio-8080-exec-8] com.jsh.erp.datasource.mappers.DepotHeadMapperEx.findMaterialsListByHeaderId - ==> Parameters: 
2019/12/06-09:31:53 DEBUG [http-nio-8080-exec-8] com.jsh.erp.datasource.mappers.DepotHeadMapperEx.findMaterialsListByHeaderId - <==      Total: 1
2019/12/06-09:31:53 DEBUG [http-nio-8080-exec-8] com.jsh.erp.datasource.mappers.DepotHeadMapperEx.findMaterialsListByHeaderId - ==>  Preparing: SELECT GROUP_CONCAT(concat(jsh_material.`Name`, ' ', jsh_material.Model)) AS mName FROM jsh_depotitem INNER JOIN jsh_material ON jsh_depotitem.MaterialId = jsh_material.Id AND ifnull(jsh_material.delete_Flag, '0') != '1' WHERE jsh_depotitem.HeaderId = 52 AND ifnull(jsh_depotitem.delete_Flag, '0') != '1' 
2019/12/06-09:31:53 DEBUG [http-nio-8080-exec-8] com.jsh.erp.datasource.mappers.DepotHeadMapperEx.findMaterialsListByHeaderId - ==> Parameters: 
2019/12/06-09:31:53 DEBUG [http-nio-8080-exec-8] com.jsh.erp.datasource.mappers.DepotHeadMapperEx.findMaterialsListByHeaderId - <==      Total: 1
2019/12/06-09:31:53 DEBUG [http-nio-8080-exec-8] com.jsh.erp.datasource.mappers.DepotHeadMapperEx.findMaterialsListByHeaderId - ==>  Preparing: SELECT GROUP_CONCAT(concat(jsh_material.`Name`, ' ', jsh_material.Model)) AS mName FROM jsh_depotitem INNER JOIN jsh_material ON jsh_depotitem.MaterialId = jsh_material.Id AND ifnull(jsh_material.delete_Flag, '0') != '1' WHERE jsh_depotitem.HeaderId = 50 AND ifnull(jsh_depotitem.delete_Flag, '0') != '1' 
2019/12/06-09:31:53 DEBUG [http-nio-8080-exec-8] com.jsh.erp.datasource.mappers.DepotHeadMapperEx.findMaterialsListByHeaderId - ==> Parameters: 
2019/12/06-09:31:53 DEBUG [http-nio-8080-exec-8] com.jsh.erp.datasource.mappers.DepotHeadMapperEx.findMaterialsListByHeaderId - <==      Total: 1
2019/12/06-09:31:53 DEBUG [http-nio-8080-exec-8] com.jsh.erp.datasource.mappers.DepotHeadMapperEx.findMaterialsListByHeaderId - ==>  Preparing: SELECT GROUP_CONCAT(concat(jsh_material.`Name`, ' ', jsh_material.Model)) AS mName FROM jsh_depotitem INNER JOIN jsh_material ON jsh_depotitem.MaterialId = jsh_material.Id AND ifnull(jsh_material.delete_Flag, '0') != '1' WHERE jsh_depotitem.HeaderId = 49 AND ifnull(jsh_depotitem.delete_Flag, '0') != '1' 
2019/12/06-09:31:53 DEBUG [http-nio-8080-exec-8] com.jsh.erp.datasource.mappers.DepotHeadMapperEx.findMaterialsListByHeaderId - ==> Parameters: 
2019/12/06-09:31:53 DEBUG [http-nio-8080-exec-8] com.jsh.erp.datasource.mappers.DepotHeadMapperEx.findMaterialsListByHeaderId - <==      Total: 1
2019/12/06-09:31:53 DEBUG [http-nio-8080-exec-8] com.jsh.erp.datasource.mappers.DepotHeadMapperEx.findMaterialsListByHeaderId - ==>  Preparing: SELECT GROUP_CONCAT(concat(jsh_material.`Name`, ' ', jsh_material.Model)) AS mName FROM jsh_depotitem INNER JOIN jsh_material ON jsh_depotitem.MaterialId = jsh_material.Id AND ifnull(jsh_material.delete_Flag, '0') != '1' WHERE jsh_depotitem.HeaderId = 48 AND ifnull(jsh_depotitem.delete_Flag, '0') != '1' 
2019/12/06-09:31:53 DEBUG [http-nio-8080-exec-8] com.jsh.erp.datasource.mappers.DepotHeadMapperEx.findMaterialsListByHeaderId - ==> Parameters: 
2019/12/06-09:31:53 DEBUG [http-nio-8080-exec-8] com.jsh.erp.datasource.mappers.DepotHeadMapperEx.findMaterialsListByHeaderId - <==      Total: 1
2019/12/06-09:31:53 DEBUG [http-nio-8080-exec-8] com.jsh.erp.datasource.mappers.DepotHeadMapperEx.findMaterialsListByHeaderId - ==>  Preparing: SELECT GROUP_CONCAT(concat(jsh_material.`Name`, ' ', jsh_material.Model)) AS mName FROM jsh_depotitem INNER JOIN jsh_material ON jsh_depotitem.MaterialId = jsh_material.Id AND ifnull(jsh_material.delete_Flag, '0') != '1' WHERE jsh_depotitem.HeaderId = 43 AND ifnull(jsh_depotitem.delete_Flag, '0') != '1' 
2019/12/06-09:31:53 DEBUG [http-nio-8080-exec-8] com.jsh.erp.datasource.mappers.DepotHeadMapperEx.findMaterialsListByHeaderId - ==> Parameters: 
2019/12/06-09:31:53 DEBUG [http-nio-8080-exec-8] com.jsh.erp.datasource.mappers.DepotHeadMapperEx.findMaterialsListByHeaderId - <==      Total: 1
2019/12/06-09:31:53 DEBUG [http-nio-8080-exec-8] com.jsh.erp.datasource.mappers.DepotHeadMapperEx.findMaterialsListByHeaderId - ==>  Preparing: SELECT GROUP_CONCAT(concat(jsh_material.`Name`, ' ', jsh_material.Model)) AS mName FROM jsh_depotitem INNER JOIN jsh_material ON jsh_depotitem.MaterialId = jsh_material.Id AND ifnull(jsh_material.delete_Flag, '0') != '1' WHERE jsh_depotitem.HeaderId = 42 AND ifnull(jsh_depotitem.delete_Flag, '0') != '1' 
2019/12/06-09:31:53 DEBUG [http-nio-8080-exec-8] com.jsh.erp.datasource.mappers.DepotHeadMapperEx.findMaterialsListByHeaderId - ==> Parameters: 
2019/12/06-09:31:53 DEBUG [http-nio-8080-exec-8] com.jsh.erp.datasource.mappers.DepotHeadMapperEx.findMaterialsListByHeaderId - <==      Total: 1
2019/12/06-09:31:53 DEBUG [http-nio-8080-exec-8] com.jsh.erp.datasource.mappers.DepotHeadMapperEx.findMaterialsListByHeaderId - ==>  Preparing: SELECT GROUP_CONCAT(concat(jsh_material.`Name`, ' ', jsh_material.Model)) AS mName FROM jsh_depotitem INNER JOIN jsh_material ON jsh_depotitem.MaterialId = jsh_material.Id AND ifnull(jsh_material.delete_Flag, '0') != '1' WHERE jsh_depotitem.HeaderId = 41 AND ifnull(jsh_depotitem.delete_Flag, '0') != '1' 
2019/12/06-09:31:53 DEBUG [http-nio-8080-exec-8] com.jsh.erp.datasource.mappers.DepotHeadMapperEx.findMaterialsListByHeaderId - ==> Parameters: 
2019/12/06-09:31:53 DEBUG [http-nio-8080-exec-8] com.jsh.erp.datasource.mappers.DepotHeadMapperEx.findMaterialsListByHeaderId - <==      Total: 1
2019/12/06-09:31:53 DEBUG [http-nio-8080-exec-8] com.jsh.erp.datasource.mappers.DepotHeadMapperEx.countsByDepotHead - ==>  Preparing: SELECT COUNT(1) FROM (SELECT DISTINCT jsh_depothead.* FROM jsh_depothead LEFT JOIN jsh_depotitem di ON jsh_depothead.Id = di.HeaderId AND ifnull(di.delete_Flag, '0') != '1' LEFT JOIN jsh_material m ON di.MaterialId = m.Id AND ifnull(m.delete_Flag, '0') != '1' WHERE 1 = 1 AND Type = '出库' AND SubType = '零售' AND di.DepotId IN (15, 14, 13, 12, 11, 10, 9, 8, 7, 4, 4, 2, 6, 6, 1, 5, 5, 3) AND ifnull(jsh_depothead.delete_Flag, '0') != '1') tb 
2019/12/06-09:31:53 DEBUG [http-nio-8080-exec-8] com.jsh.erp.datasource.mappers.DepotHeadMapperEx.countsByDepotHead - ==> Parameters: 
2019/12/06-09:31:53 DEBUG [http-nio-8080-exec-8] com.jsh.erp.datasource.mappers.DepotHeadMapperEx.countsByDepotHead - <==      Total: 1
